0 info it worked if it ends with ok
1 verbose cli [ 'node', '/usr/local/bin/npm', 'update', '-g', 'bower' ]
2 info using npm@1.1.71
3 info using node@v0.8.19
4 verbose node symlink /usr/local/bin/node
5 verbose read json /usr/local/lib/package.json
6 verbose read json /usr/local/lib/node_modules/bower/package.json
7 verbose read json /usr/local/lib/node_modules/nestor/package.json
8 verbose read json /usr/local/lib/node_modules/npm/package.json
9 verbose cache add [ 'bower', '*' ]
10 silly cache add name="bower" spec="*" args=["bower","*"]
11 verbose parsed url { pathname: '*', path: '*', href: '*' }
12 verbose addNamed [ 'bower', '*' ]
13 verbose addNamed [ null, '' ]
14 verbose from cache /usr/local/lib/node_modules/npm/package.json
15 verbose from cache /usr/local/lib/node_modules/nestor/package.json
16 verbose read json /usr/local/lib/node_modules/npm/node_modules/.bin/package.json
17 verbose read json /usr/local/lib/node_modules/npm/node_modules/abbrev/package.json
18 verbose read json /usr/local/lib/node_modules/npm/node_modules/ansi/package.json
19 verbose read json /usr/local/lib/node_modules/npm/node_modules/archy/package.json
20 verbose read json /usr/local/lib/node_modules/npm/node_modules/block-stream/package.json
21 verbose read json /usr/local/lib/node_modules/npm/node_modules/chownr/package.json
22 verbose read json /usr/local/lib/node_modules/npm/node_modules/fstream/package.json
23 verbose read json /usr/local/lib/node_modules/npm/node_modules/fstream-npm/package.json
24 verbose read json /usr/local/lib/node_modules/npm/node_modules/glob/package.json
25 verbose read json /usr/local/lib/node_modules/npm/node_modules/graceful-fs/package.json
26 verbose read json /usr/local/lib/node_modules/npm/node_modules/inherits/package.json
27 verbose read json /usr/local/lib/node_modules/npm/node_modules/ini/package.json
28 verbose read json /usr/local/lib/node_modules/npm/node_modules/init-package-json/package.json
29 verbose read json /usr/local/lib/node_modules/npm/node_modules/lockfile/package.json
30 verbose read json /usr/local/lib/node_modules/npm/node_modules/lru-cache/package.json
31 verbose read json /usr/local/lib/node_modules/npm/node_modules/minimatch/package.json
32 verbose read json /usr/local/lib/node_modules/npm/node_modules/mkdirp/package.json
33 verbose read json /usr/local/lib/node_modules/npm/node_modules/node-gyp/package.json
34 verbose read json /usr/local/lib/node_modules/npm/node_modules/nopt/package.json
35 verbose read json /usr/local/lib/node_modules/npm/node_modules/npm-registry-client/package.json
36 verbose read json /usr/local/lib/node_modules/npm/node_modules/npmconf/package.json
37 verbose read json /usr/local/lib/node_modules/npm/node_modules/npmlog/package.json
38 verbose read json /usr/local/lib/node_modules/npm/node_modules/once/package.json
39 verbose read json /usr/local/lib/node_modules/npm/node_modules/opener/package.json
40 verbose read json /usr/local/lib/node_modules/npm/node_modules/osenv/package.json
41 verbose read json /usr/local/lib/node_modules/npm/node_modules/read/package.json
42 verbose read json /usr/local/lib/node_modules/npm/node_modules/read-installed/package.json
43 verbose read json /usr/local/lib/node_modules/npm/node_modules/read-package-json/package.json
44 verbose read json /usr/local/lib/node_modules/npm/node_modules/request/package.json
45 verbose read json /usr/local/lib/node_modules/npm/node_modules/retry/package.json
46 verbose read json /usr/local/lib/node_modules/npm/node_modules/rimraf/package.json
47 verbose read json /usr/local/lib/node_modules/npm/node_modules/semver/package.json
48 verbose read json /usr/local/lib/node_modules/npm/node_modules/slide/package.json
49 verbose read json /usr/local/lib/node_modules/npm/node_modules/tar/package.json
50 verbose read json /usr/local/lib/node_modules/npm/node_modules/uid-number/package.json
51 verbose read json /usr/local/lib/node_modules/npm/node_modules/which/package.json
52 silly lockFile b788227f-bower bower@*
53 verbose lock bower@* /Users/sib/.npm/b788227f-bower.lock
54 verbose read json /usr/local/lib/node_modules/nestor/node_modules/async/package.json
55 verbose read json /usr/local/lib/node_modules/nestor/node_modules/bagofcli/package.json
56 verbose read json /usr/local/lib/node_modules/nestor/node_modules/bagofrequest/package.json
57 verbose read json /usr/local/lib/node_modules/nestor/node_modules/buildlight/package.json
58 verbose read json /usr/local/lib/node_modules/nestor/node_modules/colors/package.json
59 verbose read json /usr/local/lib/node_modules/nestor/node_modules/commander/package.json
60 verbose read json /usr/local/lib/node_modules/nestor/node_modules/cron/package.json
61 verbose read json /usr/local/lib/node_modules/nestor/node_modules/feedparser/package.json
62 verbose read json /usr/local/lib/node_modules/nestor/node_modules/irc/package.json
63 verbose read json /usr/local/lib/node_modules/nestor/node_modules/ninja-blocks/package.json
64 verbose read json /usr/local/lib/node_modules/nestor/node_modules/request/package.json
65 verbose read json /usr/local/lib/node_modules/nestor/node_modules/underscore/package.json
66 verbose read json /usr/local/lib/node_modules/nestor/node_modules/xml2js/package.json
67 silly addNameRange { name: 'bower', range: '', hasData: false }
68 verbose from cache /usr/local/lib/node_modules/nestor/node_modules/async/package.json
69 verbose from cache /usr/local/lib/node_modules/nestor/node_modules/bagofcli/package.json
70 verbose from cache /usr/local/lib/node_modules/nestor/node_modules/bagofrequest/package.json
71 verbose from cache /usr/local/lib/node_modules/nestor/node_modules/buildlight/package.json
72 verbose from cache /usr/local/lib/node_modules/nestor/node_modules/colors/package.json
73 verbose from cache /usr/local/lib/node_modules/nestor/node_modules/commander/package.json
74 verbose from cache /usr/local/lib/node_modules/nestor/node_modules/cron/package.json
75 verbose from cache /usr/local/lib/node_modules/nestor/node_modules/feedparser/package.json
76 verbose from cache /usr/local/lib/node_modules/nestor/node_modules/irc/package.json
77 verbose from cache /usr/local/lib/node_modules/nestor/node_modules/ninja-blocks/package.json
78 verbose from cache /usr/local/lib/node_modules/nestor/node_modules/request/package.json
79 verbose from cache /usr/local/lib/node_modules/nestor/node_modules/underscore/package.json
80 verbose from cache /usr/local/lib/node_modules/nestor/node_modules/xml2js/package.json
81 verbose url raw bower
82 verbose url resolving [ 'https://registry.npmjs.org/', './bower' ]
83 verbose url resolved https://registry.npmjs.org/bower
84 info trying registry request attempt 1 at 16:30:16
85 verbose etag "C79LW93600MUEJRLE9CNUXF4"
86 http GET https://registry.npmjs.org/bower
87 verbose read json /usr/local/lib/node_modules/nestor/node_modules/bagofrequest/node_modules/request/package.json
88 verbose read json /usr/local/lib/node_modules/nestor/node_modules/feedparser/node_modules/addressparser/package.json
89 verbose read json /usr/local/lib/node_modules/nestor/node_modules/feedparser/node_modules/array-indexofobject/package.json
90 verbose read json /usr/local/lib/node_modules/nestor/node_modules/feedparser/node_modules/request/package.json
91 verbose read json /usr/local/lib/node_modules/nestor/node_modules/feedparser/node_modules/resanitize/package.json
92 verbose read json /usr/local/lib/node_modules/nestor/node_modules/feedparser/node_modules/sax/package.json
93 verbose read json /usr/local/lib/node_modules/nestor/node_modules/bagofcli/node_modules/.bin/package.json
94 verbose read json /usr/local/lib/node_modules/nestor/node_modules/bagofcli/node_modules/async/package.json
95 verbose read json /usr/local/lib/node_modules/nestor/node_modules/bagofcli/node_modules/lodash/package.json
96 verbose read json /usr/local/lib/node_modules/nestor/node_modules/commander/node_modules/keypress/package.json
97 verbose read json /usr/local/lib/node_modules/nestor/node_modules/ninja-blocks/node_modules/request/package.json
98 verbose read json /usr/local/lib/node_modules/nestor/node_modules/request/node_modules/aws-sign/package.json
99 verbose read json /usr/local/lib/node_modules/nestor/node_modules/request/node_modules/cookie-jar/package.json
100 verbose read json /usr/local/lib/node_modules/nestor/node_modules/request/node_modules/forever-agent/package.json
101 verbose read json /usr/local/lib/node_modules/nestor/node_modules/request/node_modules/form-data/package.json
102 verbose read json /usr/local/lib/node_modules/nestor/node_modules/request/node_modules/hawk/package.json
103 verbose read json /usr/local/lib/node_modules/nestor/node_modules/request/node_modules/http-signature/package.json
104 verbose read json /usr/local/lib/node_modules/nestor/node_modules/request/node_modules/json-stringify-safe/package.json
105 verbose read json /usr/local/lib/node_modules/nestor/node_modules/request/node_modules/mime/package.json
106 verbose read json /usr/local/lib/node_modules/nestor/node_modules/request/node_modules/node-uuid/package.json
107 verbose read json /usr/local/lib/node_modules/nestor/node_modules/request/node_modules/oauth-sign/package.json
108 verbose read json /usr/local/lib/node_modules/nestor/node_modules/request/node_modules/qs/package.json
109 verbose read json /usr/local/lib/node_modules/nestor/node_modules/request/node_modules/tunnel-agent/package.json
110 verbose read json /usr/local/lib/node_modules/nestor/node_modules/xml2js/node_modules/sax/package.json
111 verbose from cache /usr/local/lib/node_modules/npm/node_modules/semver/package.json
112 verbose from cache /usr/local/lib/node_modules/npm/node_modules/ini/package.json
113 verbose from cache /usr/local/lib/node_modules/npm/node_modules/slide/package.json
114 verbose from cache /usr/local/lib/node_modules/npm/node_modules/abbrev/package.json
115 verbose from cache /usr/local/lib/node_modules/npm/node_modules/graceful-fs/package.json
116 verbose from cache /usr/local/lib/node_modules/npm/node_modules/minimatch/package.json
117 verbose from cache /usr/local/lib/node_modules/npm/node_modules/nopt/package.json
118 verbose from cache /usr/local/lib/node_modules/npm/node_modules/rimraf/package.json
119 verbose from cache /usr/local/lib/node_modules/npm/node_modules/request/package.json
120 verbose from cache /usr/local/lib/node_modules/npm/node_modules/which/package.json
121 verbose from cache /usr/local/lib/node_modules/npm/node_modules/tar/package.json
122 verbose from cache /usr/local/lib/node_modules/npm/node_modules/fstream/package.json
123 verbose from cache /usr/local/lib/node_modules/npm/node_modules/block-stream/package.json
124 verbose from cache /usr/local/lib/node_modules/npm/node_modules/inherits/package.json
125 verbose from cache /usr/local/lib/node_modules/npm/node_modules/mkdirp/package.json
126 verbose from cache /usr/local/lib/node_modules/npm/node_modules/read/package.json
127 verbose from cache /usr/local/lib/node_modules/npm/node_modules/lru-cache/package.json
128 verbose from cache /usr/local/lib/node_modules/npm/node_modules/node-gyp/package.json
129 verbose from cache /usr/local/lib/node_modules/npm/node_modules/fstream-npm/package.json
130 verbose from cache /usr/local/lib/node_modules/npm/node_modules/uid-number/package.json
131 verbose from cache /usr/local/lib/node_modules/npm/node_modules/archy/package.json
132 verbose from cache /usr/local/lib/node_modules/npm/node_modules/chownr/package.json
133 verbose from cache /usr/local/lib/node_modules/npm/node_modules/npmlog/package.json
134 verbose from cache /usr/local/lib/node_modules/npm/node_modules/ansi/package.json
135 verbose from cache /usr/local/lib/node_modules/npm/node_modules/npm-registry-client/package.json
136 verbose from cache /usr/local/lib/node_modules/npm/node_modules/read-package-json/package.json
137 verbose from cache /usr/local/lib/node_modules/npm/node_modules/read-installed/package.json
138 verbose from cache /usr/local/lib/node_modules/npm/node_modules/glob/package.json
139 verbose from cache /usr/local/lib/node_modules/npm/node_modules/init-package-json/package.json
140 verbose from cache /usr/local/lib/node_modules/npm/node_modules/osenv/package.json
141 verbose from cache /usr/local/lib/node_modules/npm/node_modules/lockfile/package.json
142 verbose from cache /usr/local/lib/node_modules/npm/node_modules/retry/package.json
143 verbose from cache /usr/local/lib/node_modules/npm/node_modules/once/package.json
144 verbose from cache /usr/local/lib/node_modules/npm/node_modules/npmconf/package.json
145 verbose from cache /usr/local/lib/node_modules/npm/node_modules/opener/package.json
146 verbose read json /usr/local/lib/node_modules/npm/node_modules/minimatch/node_modules/sigmund/package.json
147 verbose read json /usr/local/lib/node_modules/npm/node_modules/read/node_modules/mute-stream/package.json
148 verbose read json /usr/local/lib/node_modules/npm/node_modules/fstream-npm/node_modules/fstream-ignore/package.json
149 verbose read json /usr/local/lib/node_modules/npm/node_modules/npm-registry-client/node_modules/couch-login/package.json
150 verbose read json /usr/local/lib/node_modules/npm/node_modules/init-package-json/node_modules/promzard/package.json
151 verbose read json /usr/local/lib/node_modules/npm/node_modules/npmconf/node_modules/config-chain/package.json
152 verbose from cache /usr/local/lib/node_modules/nestor/node_modules/commander/node_modules/keypress/package.json
153 verbose from cache /usr/local/lib/node_modules/nestor/node_modules/ninja-blocks/node_modules/request/package.json
154 verbose from cache /usr/local/lib/node_modules/nestor/node_modules/bagofrequest/node_modules/request/package.json
155 verbose from cache /usr/local/lib/node_modules/nestor/node_modules/feedparser/node_modules/sax/package.json
156 verbose from cache /usr/local/lib/node_modules/nestor/node_modules/feedparser/node_modules/request/package.json
157 verbose from cache /usr/local/lib/node_modules/nestor/node_modules/feedparser/node_modules/addressparser/package.json
158 verbose from cache /usr/local/lib/node_modules/nestor/node_modules/feedparser/node_modules/array-indexofobject/package.json
159 verbose from cache /usr/local/lib/node_modules/nestor/node_modules/feedparser/node_modules/resanitize/package.json
160 verbose from cache /usr/local/lib/node_modules/nestor/node_modules/bagofcli/node_modules/async/package.json
161 verbose read json /usr/local/lib/node_modules/nestor/node_modules/bagofcli/node_modules/commander/package.json
162 verbose from cache /usr/local/lib/node_modules/nestor/node_modules/bagofcli/node_modules/lodash/package.json
163 verbose from cache /usr/local/lib/node_modules/nestor/node_modules/xml2js/node_modules/sax/package.json
164 verbose from cache /usr/local/lib/node_modules/nestor/node_modules/request/node_modules/qs/package.json
165 verbose from cache /usr/local/lib/node_modules/nestor/node_modules/request/node_modules/json-stringify-safe/package.json
166 verbose from cache /usr/local/lib/node_modules/nestor/node_modules/request/node_modules/forever-agent/package.json
167 verbose from cache /usr/local/lib/node_modules/nestor/node_modules/request/node_modules/tunnel-agent/package.json
168 verbose from cache /usr/local/lib/node_modules/nestor/node_modules/request/node_modules/http-signature/package.json
169 verbose from cache /usr/local/lib/node_modules/nestor/node_modules/request/node_modules/hawk/package.json
170 verbose from cache /usr/local/lib/node_modules/nestor/node_modules/request/node_modules/aws-sign/package.json
171 verbose from cache /usr/local/lib/node_modules/nestor/node_modules/request/node_modules/oauth-sign/package.json
172 verbose from cache /usr/local/lib/node_modules/nestor/node_modules/request/node_modules/cookie-jar/package.json
173 verbose from cache /usr/local/lib/node_modules/nestor/node_modules/request/node_modules/node-uuid/package.json
174 verbose from cache /usr/local/lib/node_modules/nestor/node_modules/request/node_modules/mime/package.json
175 verbose from cache /usr/local/lib/node_modules/nestor/node_modules/request/node_modules/form-data/package.json
176 verbose read json /usr/local/lib/node_modules/nestor/node_modules/ninja-blocks/node_modules/request/node_modules/form-data/package.json
177 verbose read json /usr/local/lib/node_modules/nestor/node_modules/ninja-blocks/node_modules/request/node_modules/mime/package.json
178 verbose read json /usr/local/lib/node_modules/nestor/node_modules/bagofrequest/node_modules/request/node_modules/aws-sign/package.json
179 verbose read json /usr/local/lib/node_modules/nestor/node_modules/bagofrequest/node_modules/request/node_modules/cookie-jar/package.json
180 verbose read json /usr/local/lib/node_modules/nestor/node_modules/bagofrequest/node_modules/request/node_modules/forever-agent/package.json
181 verbose read json /usr/local/lib/node_modules/nestor/node_modules/bagofrequest/node_modules/request/node_modules/form-data/package.json
182 verbose read json /usr/local/lib/node_modules/nestor/node_modules/bagofrequest/node_modules/request/node_modules/hawk/package.json
183 verbose read json /usr/local/lib/node_modules/nestor/node_modules/bagofrequest/node_modules/request/node_modules/json-stringify-safe/package.json
184 verbose read json /usr/local/lib/node_modules/nestor/node_modules/bagofrequest/node_modules/request/node_modules/mime/package.json
185 verbose read json /usr/local/lib/node_modules/nestor/node_modules/bagofrequest/node_modules/request/node_modules/node-uuid/package.json
186 verbose read json /usr/local/lib/node_modules/nestor/node_modules/bagofrequest/node_modules/request/node_modules/oauth-sign/package.json
187 verbose read json /usr/local/lib/node_modules/nestor/node_modules/bagofrequest/node_modules/request/node_modules/qs/package.json
188 verbose read json /usr/local/lib/node_modules/nestor/node_modules/bagofrequest/node_modules/request/node_modules/tunnel-agent/package.json
189 verbose read json /usr/local/lib/node_modules/nestor/node_modules/request/node_modules/http-signature/node_modules/asn1/package.json
190 verbose read json /usr/local/lib/node_modules/nestor/node_modules/request/node_modules/http-signature/node_modules/assert-plus/package.json
191 verbose read json /usr/local/lib/node_modules/nestor/node_modules/request/node_modules/http-signature/node_modules/ctype/package.json
192 verbose read json /usr/local/lib/node_modules/nestor/node_modules/request/node_modules/hawk/node_modules/boom/package.json
193 verbose read json /usr/local/lib/node_modules/nestor/node_modules/request/node_modules/hawk/node_modules/cryptiles/package.json
194 verbose read json /usr/local/lib/node_modules/nestor/node_modules/request/node_modules/hawk/node_modules/hoek/package.json
195 verbose read json /usr/local/lib/node_modules/nestor/node_modules/request/node_modules/hawk/node_modules/sntp/package.json
196 verbose read json /usr/local/lib/node_modules/nestor/node_modules/request/node_modules/form-data/node_modules/combined-stream/package.json
197 verbose read json /usr/local/lib/node_modules/npm/node_modules/minimatch/node_modules/lru-cache/package.json
198 verbose from cache /usr/local/lib/node_modules/npm/node_modules/minimatch/node_modules/sigmund/package.json
199 verbose read json /usr/local/lib/node_modules/npm/node_modules/nopt/node_modules/abbrev/package.json
200 verbose read json /usr/local/lib/node_modules/npm/node_modules/rimraf/node_modules/graceful-fs/package.json
201 verbose read json /usr/local/lib/node_modules/npm/node_modules/tar/node_modules/inherits/package.json
202 verbose read json /usr/local/lib/node_modules/npm/node_modules/tar/node_modules/block-stream/package.json
203 verbose read json /usr/local/lib/node_modules/npm/node_modules/tar/node_modules/fstream/package.json
204 verbose read json /usr/local/lib/node_modules/npm/node_modules/fstream/node_modules/rimraf/package.json
205 verbose read json /usr/local/lib/node_modules/npm/node_modules/fstream/node_modules/mkdirp/package.json
206 verbose read json /usr/local/lib/node_modules/npm/node_modules/fstream/node_modules/graceful-fs/package.json
207 verbose read json /usr/local/lib/node_modules/npm/node_modules/fstream/node_modules/inherits/package.json
208 verbose read json /usr/local/lib/node_modules/npm/node_modules/block-stream/node_modules/inherits/package.json
209 verbose from cache /usr/local/lib/node_modules/npm/node_modules/read/node_modules/mute-stream/package.json
210 verbose read json /usr/local/lib/node_modules/npm/node_modules/node-gyp/node_modules/glob/package.json
211 verbose read json /usr/local/lib/node_modules/npm/node_modules/node-gyp/node_modules/graceful-fs/package.json
212 verbose read json /usr/local/lib/node_modules/npm/node_modules/node-gyp/node_modules/fstream/package.json
213 verbose read json /usr/local/lib/node_modules/npm/node_modules/node-gyp/node_modules/minimatch/package.json
214 verbose read json /usr/local/lib/node_modules/npm/node_modules/node-gyp/node_modules/mkdirp/package.json
215 verbose read json /usr/local/lib/node_modules/npm/node_modules/node-gyp/node_modules/nopt/package.json
216 verbose read json /usr/local/lib/node_modules/npm/node_modules/node-gyp/node_modules/npmlog/package.json
217 verbose read json /usr/local/lib/node_modules/npm/node_modules/node-gyp/node_modules/osenv/package.json
218 verbose read json /usr/local/lib/node_modules/npm/node_modules/node-gyp/node_modules/request/package.json
219 verbose read json /usr/local/lib/node_modules/npm/node_modules/node-gyp/node_modules/rimraf/package.json
220 verbose read json /usr/local/lib/node_modules/npm/node_modules/node-gyp/node_modules/semver/package.json
221 verbose read json /usr/local/lib/node_modules/npm/node_modules/node-gyp/node_modules/tar/package.json
222 verbose read json /usr/local/lib/node_modules/npm/node_modules/node-gyp/node_modules/which/package.json
223 verbose from cache /usr/local/lib/node_modules/npm/node_modules/fstream-npm/node_modules/fstream-ignore/package.json
224 verbose read json /usr/local/lib/node_modules/npm/node_modules/fstream-npm/node_modules/inherits/package.json
225 verbose read json /usr/local/lib/node_modules/npm/node_modules/npmlog/node_modules/ansi/package.json
226 verbose read json /usr/local/lib/node_modules/npm/node_modules/npm-registry-client/node_modules/request/package.json
227 verbose read json /usr/local/lib/node_modules/npm/node_modules/npm-registry-client/node_modules/graceful-fs/package.json
228 verbose read json /usr/local/lib/node_modules/npm/node_modules/npm-registry-client/node_modules/semver/package.json
229 verbose read json /usr/local/lib/node_modules/npm/node_modules/npm-registry-client/node_modules/slide/package.json
230 verbose read json /usr/local/lib/node_modules/npm/node_modules/npm-registry-client/node_modules/chownr/package.json
231 verbose read json /usr/local/lib/node_modules/npm/node_modules/npm-registry-client/node_modules/mkdirp/package.json
232 verbose read json /usr/local/lib/node_modules/npm/node_modules/npm-registry-client/node_modules/rimraf/package.json
233 verbose read json /usr/local/lib/node_modules/npm/node_modules/npm-registry-client/node_modules/retry/package.json
234 verbose from cache /usr/local/lib/node_modules/npm/node_modules/npm-registry-client/node_modules/couch-login/package.json
235 verbose read json /usr/local/lib/node_modules/npm/node_modules/npm-registry-client/node_modules/npmlog/package.json
236 verbose read json /usr/local/lib/node_modules/npm/node_modules/read-package-json/node_modules/glob/package.json
237 verbose read json /usr/local/lib/node_modules/npm/node_modules/read-package-json/node_modules/lru-cache/package.json
238 verbose read json /usr/local/lib/node_modules/npm/node_modules/read-package-json/node_modules/semver/package.json
239 verbose read json /usr/local/lib/node_modules/npm/node_modules/read-package-json/node_modules/slide/package.json
240 verbose read json /usr/local/lib/node_modules/npm/node_modules/read-package-json/node_modules/npmlog/package.json
241 verbose read json /usr/local/lib/node_modules/npm/node_modules/read-package-json/node_modules/graceful-fs/package.json
242 verbose read json /usr/local/lib/node_modules/npm/node_modules/read-installed/node_modules/semver/package.json
243 verbose read json /usr/local/lib/node_modules/npm/node_modules/read-installed/node_modules/slide/package.json
244 verbose read json /usr/local/lib/node_modules/npm/node_modules/read-installed/node_modules/read-package-json/package.json
245 verbose read json /usr/local/lib/node_modules/npm/node_modules/read-installed/node_modules/graceful-fs/package.json
246 verbose read json /usr/local/lib/node_modules/npm/node_modules/read-installed/node_modules/npmlog/package.json
247 verbose read json /usr/local/lib/node_modules/npm/node_modules/glob/node_modules/minimatch/package.json
248 verbose read json /usr/local/lib/node_modules/npm/node_modules/glob/node_modules/graceful-fs/package.json
249 verbose read json /usr/local/lib/node_modules/npm/node_modules/glob/node_modules/inherits/package.json
250 verbose from cache /usr/local/lib/node_modules/npm/node_modules/init-package-json/node_modules/promzard/package.json
251 verbose read json /usr/local/lib/node_modules/npm/node_modules/init-package-json/node_modules/read/package.json
252 verbose read json /usr/local/lib/node_modules/npm/node_modules/init-package-json/node_modules/read-package-json/package.json
253 verbose read json /usr/local/lib/node_modules/npm/node_modules/init-package-json/node_modules/semver/package.json
254 verbose from cache /usr/local/lib/node_modules/npm/node_modules/npmconf/node_modules/config-chain/package.json
255 verbose read json /usr/local/lib/node_modules/npm/node_modules/npmconf/node_modules/inherits/package.json
256 verbose read json /usr/local/lib/node_modules/npm/node_modules/npmconf/node_modules/once/package.json
257 verbose read json /usr/local/lib/node_modules/npm/node_modules/npmconf/node_modules/mkdirp/package.json
258 verbose read json /usr/local/lib/node_modules/npm/node_modules/npmconf/node_modules/osenv/package.json
259 verbose read json /usr/local/lib/node_modules/npm/node_modules/npmconf/node_modules/nopt/package.json
260 verbose from cache /usr/local/lib/node_modules/nestor/node_modules/bagofrequest/node_modules/request/node_modules/form-data/package.json
261 verbose from cache /usr/local/lib/node_modules/nestor/node_modules/bagofrequest/node_modules/request/node_modules/mime/package.json
262 verbose from cache /usr/local/lib/node_modules/nestor/node_modules/bagofrequest/node_modules/request/node_modules/hawk/package.json
263 verbose from cache /usr/local/lib/node_modules/nestor/node_modules/bagofrequest/node_modules/request/node_modules/node-uuid/package.json
264 verbose from cache /usr/local/lib/node_modules/nestor/node_modules/bagofrequest/node_modules/request/node_modules/cookie-jar/package.json
265 verbose from cache /usr/local/lib/node_modules/nestor/node_modules/bagofrequest/node_modules/request/node_modules/aws-sign/package.json
266 verbose from cache /usr/local/lib/node_modules/nestor/node_modules/bagofrequest/node_modules/request/node_modules/oauth-sign/package.json
267 verbose from cache /usr/local/lib/node_modules/nestor/node_modules/bagofrequest/node_modules/request/node_modules/forever-agent/package.json
268 verbose from cache /usr/local/lib/node_modules/nestor/node_modules/bagofrequest/node_modules/request/node_modules/tunnel-agent/package.json
269 verbose from cache /usr/local/lib/node_modules/nestor/node_modules/bagofrequest/node_modules/request/node_modules/json-stringify-safe/package.json
270 verbose from cache /usr/local/lib/node_modules/nestor/node_modules/bagofrequest/node_modules/request/node_modules/qs/package.json
271 verbose from cache /usr/local/lib/node_modules/nestor/node_modules/request/node_modules/http-signature/node_modules/assert-plus/package.json
272 verbose from cache /usr/local/lib/node_modules/nestor/node_modules/request/node_modules/http-signature/node_modules/asn1/package.json
273 verbose from cache /usr/local/lib/node_modules/nestor/node_modules/request/node_modules/http-signature/node_modules/ctype/package.json
274 verbose from cache /usr/local/lib/node_modules/nestor/node_modules/request/node_modules/hawk/node_modules/hoek/package.json
275 verbose from cache /usr/local/lib/node_modules/nestor/node_modules/request/node_modules/hawk/node_modules/boom/package.json
276 verbose from cache /usr/local/lib/node_modules/nestor/node_modules/request/node_modules/hawk/node_modules/cryptiles/package.json
277 verbose from cache /usr/local/lib/node_modules/nestor/node_modules/request/node_modules/hawk/node_modules/sntp/package.json
278 verbose from cache /usr/local/lib/node_modules/nestor/node_modules/request/node_modules/form-data/node_modules/combined-stream/package.json
279 verbose read json /usr/local/lib/node_modules/nestor/node_modules/request/node_modules/form-data/node_modules/mime/package.json
280 verbose read json /usr/local/lib/node_modules/nestor/node_modules/request/node_modules/form-data/node_modules/async/package.json
281 verbose read json /usr/local/lib/node_modules/npm/node_modules/fstream-npm/node_modules/fstream-ignore/node_modules/minimatch/package.json
282 verbose read json /usr/local/lib/node_modules/npm/node_modules/fstream-npm/node_modules/fstream-ignore/node_modules/fstream/package.json
283 verbose read json /usr/local/lib/node_modules/npm/node_modules/fstream-npm/node_modules/fstream-ignore/node_modules/inherits/package.json
284 verbose read json /usr/local/lib/node_modules/npm/node_modules/npm-registry-client/node_modules/couch-login/node_modules/request/package.json
285 verbose read json /usr/local/lib/node_modules/npm/node_modules/init-package-json/node_modules/promzard/node_modules/read/package.json
286 verbose read json /usr/local/lib/node_modules/npm/node_modules/npmconf/node_modules/config-chain/node_modules/proto-list/package.json
287 verbose read json /usr/local/lib/node_modules/nestor/node_modules/bagofrequest/node_modules/request/node_modules/form-data/node_modules/combined-stream/package.json
288 verbose read json /usr/local/lib/node_modules/nestor/node_modules/bagofrequest/node_modules/request/node_modules/hawk/node_modules/boom/package.json
289 verbose read json /usr/local/lib/node_modules/nestor/node_modules/bagofrequest/node_modules/request/node_modules/hawk/node_modules/cryptiles/package.json
290 verbose read json /usr/local/lib/node_modules/nestor/node_modules/bagofrequest/node_modules/request/node_modules/hawk/node_modules/hoek/package.json
291 verbose read json /usr/local/lib/node_modules/nestor/node_modules/bagofrequest/node_modules/request/node_modules/hawk/node_modules/sntp/package.json
292 verbose read json /usr/local/lib/node_modules/nestor/node_modules/request/node_modules/hawk/node_modules/cryptiles/node_modules/boom/package.json
293 verbose read json /usr/local/lib/node_modules/nestor/node_modules/request/node_modules/hawk/node_modules/boom/node_modules/hoek/package.json
294 verbose read json /usr/local/lib/node_modules/nestor/node_modules/request/node_modules/hawk/node_modules/sntp/node_modules/hoek/package.json
295 verbose read json /usr/local/lib/node_modules/nestor/node_modules/request/node_modules/form-data/node_modules/combined-stream/node_modules/delayed-stream/package.json
296 verbose from cache /usr/local/lib/node_modules/nestor/node_modules/ninja-blocks/node_modules/request/node_modules/form-data/package.json
297 verbose from cache /usr/local/lib/node_modules/nestor/node_modules/ninja-blocks/node_modules/request/node_modules/mime/package.json
298 verbose read json /usr/local/lib/node_modules/nestor/node_modules/ninja-blocks/node_modules/request/node_modules/form-data/node_modules/async/package.json
299 verbose read json /usr/local/lib/node_modules/nestor/node_modules/ninja-blocks/node_modules/request/node_modules/form-data/node_modules/combined-stream/package.json
300 verbose from cache /usr/local/lib/node_modules/npm/node_modules/npmconf/node_modules/config-chain/node_modules/proto-list/package.json
301 verbose read json /usr/local/lib/node_modules/npm/node_modules/npmconf/node_modules/config-chain/node_modules/ini/package.json
302 verbose from cache /usr/local/lib/node_modules/nestor/node_modules/bagofrequest/node_modules/request/node_modules/form-data/node_modules/combined-stream/package.json
303 verbose read json /usr/local/lib/node_modules/nestor/node_modules/bagofrequest/node_modules/request/node_modules/form-data/node_modules/mime/package.json
304 verbose read json /usr/local/lib/node_modules/nestor/node_modules/bagofrequest/node_modules/request/node_modules/form-data/node_modules/async/package.json
305 verbose from cache /usr/local/lib/node_modules/nestor/node_modules/bagofrequest/node_modules/request/node_modules/hawk/node_modules/hoek/package.json
306 verbose from cache /usr/local/lib/node_modules/nestor/node_modules/bagofrequest/node_modules/request/node_modules/hawk/node_modules/boom/package.json
307 verbose from cache /usr/local/lib/node_modules/nestor/node_modules/bagofrequest/node_modules/request/node_modules/hawk/node_modules/cryptiles/package.json
308 verbose from cache /usr/local/lib/node_modules/nestor/node_modules/bagofrequest/node_modules/request/node_modules/hawk/node_modules/sntp/package.json
309 verbose from cache /usr/local/lib/node_modules/nestor/node_modules/request/node_modules/hawk/node_modules/sntp/node_modules/hoek/package.json
310 verbose read json /usr/local/lib/node_modules/nestor/node_modules/bagofrequest/node_modules/request/node_modules/form-data/node_modules/combined-stream/node_modules/delayed-stream/package.json
311 verbose from cache /usr/local/lib/node_modules/nestor/node_modules/request/node_modules/form-data/node_modules/combined-stream/node_modules/delayed-stream/package.json
312 verbose from cache /usr/local/lib/node_modules/nestor/node_modules/request/node_modules/hawk/node_modules/boom/node_modules/hoek/package.json
313 verbose read json /usr/local/lib/node_modules/nestor/node_modules/bagofrequest/node_modules/request/node_modules/hawk/node_modules/boom/node_modules/hoek/package.json
314 verbose read json /usr/local/lib/node_modules/nestor/node_modules/bagofrequest/node_modules/request/node_modules/hawk/node_modules/cryptiles/node_modules/boom/package.json
315 verbose read json /usr/local/lib/node_modules/nestor/node_modules/bagofrequest/node_modules/request/node_modules/hawk/node_modules/sntp/node_modules/hoek/package.json
316 verbose from cache /usr/local/lib/node_modules/nestor/node_modules/bagofrequest/node_modules/request/node_modules/form-data/node_modules/combined-stream/node_modules/delayed-stream/package.json
317 verbose from cache /usr/local/lib/node_modules/nestor/node_modules/ninja-blocks/node_modules/request/node_modules/form-data/node_modules/combined-stream/package.json
318 verbose read json /usr/local/lib/node_modules/nestor/node_modules/ninja-blocks/node_modules/request/node_modules/form-data/node_modules/mime/package.json
319 verbose from cache /usr/local/lib/node_modules/nestor/node_modules/ninja-blocks/node_modules/request/node_modules/form-data/node_modules/async/package.json
320 verbose read json /usr/local/lib/node_modules/nestor/node_modules/ninja-blocks/node_modules/request/node_modules/form-data/node_modules/combined-stream/node_modules/delayed-stream/package.json
321 verbose from cache /usr/local/lib/node_modules/nestor/node_modules/ninja-blocks/node_modules/request/node_modules/form-data/node_modules/combined-stream/node_modules/delayed-stream/package.json
322 http 200 https://registry.npmjs.org/bower
323 silly registry.get cb [ 200,
323 silly registry.get   { vary: 'Accept',
323 silly registry.get     server: 'CouchDB/1.3.1 (Erlang OTP/R15B03)',
323 silly registry.get     etag: '"6T43UR21GAME418REF4ZHKIIE"',
323 silly registry.get     date: 'Fri, 23 Aug 2013 12:30:19 GMT',
323 silly registry.get     'content-type': 'application/json',
323 silly registry.get     'content-length': '583974' } ]
324 silly addNameRange number 2 { name: 'bower', range: '', hasData: true }
325 silly addNameRange versions [ 'bower',
325 silly addNameRange   [ '0.1.0',
325 silly addNameRange     '0.1.2',
325 silly addNameRange     '0.1.3',
325 silly addNameRange     '0.2.0',
325 silly addNameRange     '0.3.0',
325 silly addNameRange     '0.3.1',
325 silly addNameRange     '0.3.2',
325 silly addNameRange     '0.4.0',
325 silly addNameRange     '0.5.0',
325 silly addNameRange     '0.5.1',
325 silly addNameRange     '0.6.0',
325 silly addNameRange     '0.6.1',
325 silly addNameRange     '0.6.2',
325 silly addNameRange     '0.6.3',
325 silly addNameRange     '0.6.4',
325 silly addNameRange     '0.6.5',
325 silly addNameRange     '0.6.6',
325 silly addNameRange     '0.6.7',
325 silly addNameRange     '0.6.8',
325 silly addNameRange     '0.7.0',
325 silly addNameRange     '0.7.1',
325 silly addNameRange     '0.8.0',
325 silly addNameRange     '0.8.1',
325 silly addNameRange     '0.8.2',
325 silly addNameRange     '0.8.3',
325 silly addNameRange     '0.8.4',
325 silly addNameRange     '0.8.5',
325 silly addNameRange     '0.8.6',
325 silly addNameRange     '0.9.0',
325 silly addNameRange     '0.9.1',
325 silly addNameRange     '0.9.2',
325 silly addNameRange     '0.10.0',
325 silly addNameRange     '1.0.0',
325 silly addNameRange     '1.0.1',
325 silly addNameRange     '1.0.2',
325 silly addNameRange     '1.0.3',
325 silly addNameRange     '1.1.0',
325 silly addNameRange     '1.1.1',
325 silly addNameRange     '1.1.2',
325 silly addNameRange     '1.2.0',
325 silly addNameRange     '1.2.1',
325 silly addNameRange     '1.2.2',
325 silly addNameRange     '1.2.3' ] ]
326 verbose addNamed [ 'bower', '1.2.3' ]
327 verbose addNamed [ '1.2.3', '1.2.3' ]
328 silly lockFile 5d7315b6-bower-1-2-3 bower@1.2.3
329 verbose lock bower@1.2.3 /Users/sib/.npm/5d7315b6-bower-1-2-3.lock
330 silly lockFile 6b0754bb--npmjs-org-bower-bower-1-2-3-tgz https://registry.npmjs.org/bower/-/bower-1.2.3.tgz
331 verbose lock https://registry.npmjs.org/bower/-/bower-1.2.3.tgz /Users/sib/.npm/6b0754bb--npmjs-org-bower-bower-1-2-3-tgz.lock
332 verbose addRemoteTarball [ 'https://registry.npmjs.org/bower/-/bower-1.2.3.tgz',
332 verbose addRemoteTarball   '5a578d7f502074190ac30a35f6faf19847d0496f' ]
333 info retry fetch attempt 1 at 16:30:22
334 verbose fetch to= /var/folders/k4/97bptfhx6m3420n59hxnvg3c0000gn/T/npm-40087/1377261022347-0.20556420926004648/tmp.tgz
335 http GET https://registry.npmjs.org/bower/-/bower-1.2.3.tgz
336 http 200 https://registry.npmjs.org/bower/-/bower-1.2.3.tgz
337 silly shasum updated bytes 40960
338 silly shasum updated bytes 40960
339 silly shasum updated bytes 14302
340 info shasum 5a578d7f502074190ac30a35f6faf19847d0496f
340 info shasum /var/folders/k4/97bptfhx6m3420n59hxnvg3c0000gn/T/npm-40087/1377261022347-0.20556420926004648/tmp.tgz
341 verbose tar unpack /var/folders/k4/97bptfhx6m3420n59hxnvg3c0000gn/T/npm-40087/1377261022347-0.20556420926004648/tmp.tgz
342 silly lockFile ec387379-2347-0-20556420926004648-package /var/folders/k4/97bptfhx6m3420n59hxnvg3c0000gn/T/npm-40087/1377261022347-0.20556420926004648/package
343 verbose lock /var/folders/k4/97bptfhx6m3420n59hxnvg3c0000gn/T/npm-40087/1377261022347-0.20556420926004648/package /Users/sib/.npm/ec387379-2347-0-20556420926004648-package.lock
344 silly gunzTarPerm modes [ '755', '644' ]
345 silly gunzTarPerm extractEntry package.json
346 silly gunzTarPerm extractEntry .npmignore
347 silly gunzTarPerm extractEntry README.md
348 silly gunzTarPerm extractEntry LICENSE
349 silly gunzTarPerm extractEntry Gruntfile.js
350 silly gunzTarPerm extractEntry CONTRIBUTING.md
351 silly gunzTarPerm extractEntry .editorconfig
352 silly gunzTarPerm extractEntry .jshintrc
353 silly gunzTarPerm extractEntry .travis.yml
354 silly gunzTarPerm extractEntry bin/bower
355 silly gunzTarPerm extractEntry lib/config.js
356 silly gunzTarPerm extractEntry lib/index.js
357 silly gunzTarPerm extractEntry lib/commands/update.js
358 silly gunzTarPerm extractEntry lib/commands/index.js
359 silly gunzTarPerm extractEntry lib/commands/info.js
360 silly gunzTarPerm extractEntry lib/commands/init.js
361 silly gunzTarPerm extractEntry lib/commands/install.js
362 silly gunzTarPerm extractEntry lib/commands/home.js
363 silly gunzTarPerm extractEntry lib/commands/list.js
364 silly gunzTarPerm extractEntry lib/commands/lookup.js
365 silly gunzTarPerm extractEntry lib/commands/prune.js
366 silly gunzTarPerm extractEntry lib/commands/register.js
367 silly gunzTarPerm extractEntry lib/commands/search.js
368 silly gunzTarPerm extractEntry lib/commands/help.js
369 silly gunzTarPerm extractEntry lib/commands/uninstall.js
370 silly gunzTarPerm extractEntry lib/commands/completion.js
371 silly gunzTarPerm extractEntry lib/commands/link.js
372 silly gunzTarPerm extractEntry lib/commands/cache/clean.js
373 silly gunzTarPerm extractEntry lib/commands/cache/index.js
374 silly gunzTarPerm extractEntry lib/commands/cache/list.js
375 silly gunzTarPerm extractEntry lib/core/Manager.js
376 silly gunzTarPerm extractEntry lib/core/PackageRepository.js
377 silly gunzTarPerm extractEntry lib/core/Project.js
378 silly gunzTarPerm extractEntry lib/core/ResolveCache.js
379 silly gunzTarPerm extractEntry lib/core/resolverFactory.js
380 silly gunzTarPerm extractEntry lib/core/resolvers/FsResolver.js
381 silly gunzTarPerm extractEntry lib/core/resolvers/GitFsResolver.js
382 silly gunzTarPerm extractEntry lib/core/resolvers/GitHubResolver.js
383 silly gunzTarPerm extractEntry lib/core/resolvers/GitRemoteResolver.js
384 silly gunzTarPerm extractEntry lib/core/resolvers/GitResolver.js
385 silly gunzTarPerm extractEntry lib/core/resolvers/Resolver.js
386 silly gunzTarPerm extractEntry lib/core/resolvers/UrlResolver.js
387 silly gunzTarPerm extractEntry lib/core/resolvers/index.js
388 silly gunzTarPerm extractEntry lib/renderers/JsonRenderer.js
389 silly gunzTarPerm extractEntry lib/renderers/StandardRenderer.js
390 silly gunzTarPerm extractEntry lib/renderers/index.js
391 silly gunzTarPerm extractEntry lib/util/cli.js
392 silly gunzTarPerm extractEntry lib/util/createError.js
393 silly gunzTarPerm extractEntry lib/util/createLink.js
394 silly gunzTarPerm extractEntry lib/util/download.js
395 silly gunzTarPerm extractEntry lib/util/extract.js
396 silly gunzTarPerm extractEntry lib/util/copy.js
397 silly gunzTarPerm extractEntry lib/util/readJson.js
398 silly gunzTarPerm extractEntry lib/util/removeIgnores.js
399 silly gunzTarPerm extractEntry lib/util/rootCheck.js
400 silly gunzTarPerm extractEntry lib/util/semver.js
401 silly gunzTarPerm extractEntry lib/util/template.js
402 silly gunzTarPerm extractEntry lib/util/cmd.js
403 silly gunzTarPerm extractEntry lib/util/validLink.js
404 silly gunzTarPerm extractEntry lib/util/md5.js
405 silly gunzTarPerm extractEntry CHANGELOG.md
406 silly gunzTarPerm extractEntry templates/helpers/colors.js
407 silly gunzTarPerm extractEntry templates/helpers/condense.js
408 silly gunzTarPerm extractEntry templates/helpers/indent.js
409 silly gunzTarPerm extractEntry templates/helpers/index.js
410 silly gunzTarPerm extractEntry templates/helpers/rpad.js
411 silly gunzTarPerm extractEntry templates/helpers/sum.js
412 silly gunzTarPerm extractEntry templates/json/help-list.json
413 silly gunzTarPerm extractEntry templates/json/help-cache/clean.json
414 silly gunzTarPerm extractEntry templates/json/help-cache/list.json
415 silly gunzTarPerm extractEntry templates/json/help-home.json
416 silly gunzTarPerm extractEntry templates/json/help-info.json
417 silly gunzTarPerm extractEntry templates/json/help-init.json
418 silly gunzTarPerm extractEntry templates/json/help-install.json
419 silly gunzTarPerm extractEntry templates/json/help-link.json
420 silly gunzTarPerm extractEntry templates/json/help-cache.json
421 silly gunzTarPerm extractEntry templates/json/help-lookup.json
422 silly gunzTarPerm extractEntry templates/json/help-prune.json
423 silly gunzTarPerm extractEntry templates/json/help-register.json
424 silly gunzTarPerm extractEntry templates/json/help-search.json
425 silly gunzTarPerm extractEntry templates/json/help-uninstall.json
426 silly gunzTarPerm extractEntry templates/json/help-update.json
427 silly gunzTarPerm extractEntry templates/json/help.json
428 silly gunzTarPerm extractEntry templates/std/conflict-resolved.std
429 silly gunzTarPerm extractEntry templates/std/conflict.std
430 silly gunzTarPerm extractEntry templates/std/help-cache.std
431 silly gunzTarPerm extractEntry templates/std/help-generic.std
432 silly gunzTarPerm extractEntry templates/std/help.std
433 silly gunzTarPerm extractEntry templates/std/info.std
434 silly gunzTarPerm extractEntry templates/std/lookup.std
435 silly gunzTarPerm extractEntry templates/std/register.std
436 silly gunzTarPerm extractEntry templates/std/search-results.std
437 silly gunzTarPerm extractEntry templates/std/update-notice.std
438 silly gunzTarPerm extractEntry test/packages.js
439 silly gunzTarPerm extractEntry test/test.js
440 silly gunzTarPerm extractEntry test/assets/package-tar.tar.gz
441 silly gunzTarPerm extractEntry test/assets/package-zip-folder-single-file.zip
442 silly gunzTarPerm extractEntry test/assets/package-zip-folder.zip
443 silly gunzTarPerm extractEntry test/assets/package-zip-single-bower-json.zip
444 silly gunzTarPerm extractEntry test/assets/package-zip-single-component-json.zip
445 silly gunzTarPerm extractEntry test/assets/package-zip-single-file.zip
446 silly gunzTarPerm extractEntry test/assets/package-zip.zip
447 silly gunzTarPerm extractEntry test/assets/resolve-cache/list-json-1.json
448 silly gunzTarPerm extractEntry test/assets/test-temp-dir/test-exception.js
449 silly gunzTarPerm extractEntry test/assets/test-temp-dir/test.js
450 silly gunzTarPerm extractEntry test/core/packageRepository.js
451 silly gunzTarPerm extractEntry test/core/resolveCache.js
452 silly gunzTarPerm extractEntry test/core/resolverFactory.js
453 silly gunzTarPerm extractEntry test/core/resolvers/fsResolver.js
454 silly gunzTarPerm extractEntry test/core/resolvers/gitFsResolver.js
455 silly gunzTarPerm extractEntry test/core/resolvers/gitHubResolver.js
456 silly gunzTarPerm extractEntry test/core/resolvers/gitRemoteResolver.js
457 silly gunzTarPerm extractEntry test/core/resolvers/gitResolver.js
458 silly gunzTarPerm extractEntry test/core/resolvers/resolver.js
459 silly gunzTarPerm extractEntry test/core/resolvers/urlResolver.js
460 silly gunzTarPerm extractEntry test/packages.json
461 verbose read json /var/folders/k4/97bptfhx6m3420n59hxnvg3c0000gn/T/npm-40087/1377261022347-0.20556420926004648/package/package.json
462 silly lockFile ec387379-2347-0-20556420926004648-package /var/folders/k4/97bptfhx6m3420n59hxnvg3c0000gn/T/npm-40087/1377261022347-0.20556420926004648/package
463 verbose from cache /var/folders/k4/97bptfhx6m3420n59hxnvg3c0000gn/T/npm-40087/1377261022347-0.20556420926004648/package/package.json
464 verbose tar pack [ '/Users/sib/.npm/bower/1.2.3/package.tgz',
464 verbose tar pack   '/var/folders/k4/97bptfhx6m3420n59hxnvg3c0000gn/T/npm-40087/1377261022347-0.20556420926004648/package' ]
465 verbose tarball /Users/sib/.npm/bower/1.2.3/package.tgz
466 verbose folder /var/folders/k4/97bptfhx6m3420n59hxnvg3c0000gn/T/npm-40087/1377261022347-0.20556420926004648/package
467 silly lockFile acfee395--sib-npm-bower-1-2-3-package-tgz /Users/sib/.npm/bower/1.2.3/package.tgz
468 verbose lock /Users/sib/.npm/bower/1.2.3/package.tgz /Users/sib/.npm/acfee395--sib-npm-bower-1-2-3-package-tgz.lock
469 silly lockFile acfee395--sib-npm-bower-1-2-3-package-tgz /Users/sib/.npm/bower/1.2.3/package.tgz
470 silly lockFile 3ed686ab-sers-sib-npm-bower-1-2-3-package /Users/sib/.npm/bower/1.2.3/package
471 verbose lock /Users/sib/.npm/bower/1.2.3/package /Users/sib/.npm/3ed686ab-sers-sib-npm-bower-1-2-3-package.lock
472 silly lockFile 3ed686ab-sers-sib-npm-bower-1-2-3-package /Users/sib/.npm/bower/1.2.3/package
473 verbose tar unpack /Users/sib/.npm/bower/1.2.3/package.tgz
474 silly lockFile 3ed686ab-sers-sib-npm-bower-1-2-3-package /Users/sib/.npm/bower/1.2.3/package
475 verbose lock /Users/sib/.npm/bower/1.2.3/package /Users/sib/.npm/3ed686ab-sers-sib-npm-bower-1-2-3-package.lock
476 silly gunzTarPerm modes [ '755', '644' ]
477 silly gunzTarPerm extractEntry package.json
478 silly gunzTarPerm extractEntry .npmignore
479 silly gunzTarPerm extractEntry README.md
480 silly gunzTarPerm extractEntry LICENSE
481 silly gunzTarPerm extractEntry Gruntfile.js
482 silly gunzTarPerm extractEntry CHANGELOG.md
483 silly gunzTarPerm extractEntry CONTRIBUTING.md
484 silly gunzTarPerm extractEntry .jshintrc
485 silly gunzTarPerm extractEntry lib/config.js
486 silly gunzTarPerm extractEntry lib/index.js
487 silly gunzTarPerm extractEntry lib/commands/update.js
488 silly gunzTarPerm extractEntry lib/commands/index.js
489 silly gunzTarPerm extractEntry lib/commands/info.js
490 silly gunzTarPerm extractEntry lib/commands/init.js
491 silly gunzTarPerm extractEntry lib/commands/install.js
492 silly gunzTarPerm extractEntry lib/commands/home.js
493 silly gunzTarPerm extractEntry lib/commands/list.js
494 silly gunzTarPerm extractEntry lib/commands/lookup.js
495 silly gunzTarPerm extractEntry lib/commands/prune.js
496 silly gunzTarPerm extractEntry lib/commands/register.js
497 silly gunzTarPerm extractEntry lib/commands/search.js
498 silly gunzTarPerm extractEntry lib/commands/help.js
499 silly gunzTarPerm extractEntry lib/commands/uninstall.js
500 silly gunzTarPerm extractEntry lib/commands/completion.js
501 silly gunzTarPerm extractEntry lib/commands/link.js
502 silly gunzTarPerm extractEntry lib/commands/cache/clean.js
503 silly gunzTarPerm extractEntry lib/commands/cache/index.js
504 silly gunzTarPerm extractEntry lib/commands/cache/list.js
505 silly gunzTarPerm extractEntry lib/core/Manager.js
506 silly gunzTarPerm extractEntry lib/core/PackageRepository.js
507 silly gunzTarPerm extractEntry lib/core/Project.js
508 silly gunzTarPerm extractEntry lib/core/ResolveCache.js
509 silly gunzTarPerm extractEntry lib/core/resolverFactory.js
510 silly gunzTarPerm extractEntry lib/core/resolvers/FsResolver.js
511 silly gunzTarPerm extractEntry lib/core/resolvers/GitFsResolver.js
512 silly gunzTarPerm extractEntry lib/core/resolvers/GitHubResolver.js
513 silly gunzTarPerm extractEntry lib/core/resolvers/GitRemoteResolver.js
514 silly gunzTarPerm extractEntry lib/core/resolvers/GitResolver.js
515 silly gunzTarPerm extractEntry lib/core/resolvers/index.js
516 silly gunzTarPerm extractEntry lib/core/resolvers/Resolver.js
517 silly gunzTarPerm extractEntry lib/core/resolvers/UrlResolver.js
518 silly gunzTarPerm extractEntry lib/renderers/index.js
519 silly gunzTarPerm extractEntry lib/renderers/JsonRenderer.js
520 silly gunzTarPerm extractEntry lib/renderers/StandardRenderer.js
521 silly gunzTarPerm extractEntry lib/util/cli.js
522 silly gunzTarPerm extractEntry lib/util/createError.js
523 silly gunzTarPerm extractEntry lib/util/createLink.js
524 silly gunzTarPerm extractEntry lib/util/download.js
525 silly gunzTarPerm extractEntry lib/util/extract.js
526 silly gunzTarPerm extractEntry lib/util/copy.js
527 silly gunzTarPerm extractEntry lib/util/readJson.js
528 silly gunzTarPerm extractEntry lib/util/removeIgnores.js
529 silly gunzTarPerm extractEntry lib/util/rootCheck.js
530 silly gunzTarPerm extractEntry lib/util/semver.js
531 silly gunzTarPerm extractEntry lib/util/template.js
532 silly gunzTarPerm extractEntry lib/util/cmd.js
533 silly gunzTarPerm extractEntry lib/util/validLink.js
534 silly gunzTarPerm extractEntry lib/util/md5.js
535 silly gunzTarPerm extractEntry .editorconfig
536 silly gunzTarPerm extractEntry .travis.yml
537 silly gunzTarPerm extractEntry bin/bower
538 silly gunzTarPerm extractEntry templates/helpers/colors.js
539 silly gunzTarPerm extractEntry templates/helpers/condense.js
540 silly gunzTarPerm extractEntry templates/helpers/indent.js
541 silly gunzTarPerm extractEntry templates/helpers/index.js
542 silly gunzTarPerm extractEntry templates/helpers/rpad.js
543 silly gunzTarPerm extractEntry templates/helpers/sum.js
544 silly gunzTarPerm extractEntry templates/json/help-list.json
545 silly gunzTarPerm extractEntry templates/json/help-cache/clean.json
546 silly gunzTarPerm extractEntry templates/json/help-cache/list.json
547 silly gunzTarPerm extractEntry templates/json/help-home.json
548 silly gunzTarPerm extractEntry templates/json/help-info.json
549 silly gunzTarPerm extractEntry templates/json/help-init.json
550 silly gunzTarPerm extractEntry templates/json/help-install.json
551 silly gunzTarPerm extractEntry templates/json/help-link.json
552 silly gunzTarPerm extractEntry templates/json/help-cache.json
553 silly gunzTarPerm extractEntry templates/json/help-lookup.json
554 silly gunzTarPerm extractEntry templates/json/help-prune.json
555 silly gunzTarPerm extractEntry templates/json/help-register.json
556 silly gunzTarPerm extractEntry templates/json/help-search.json
557 silly gunzTarPerm extractEntry templates/json/help-uninstall.json
558 silly gunzTarPerm extractEntry templates/json/help-update.json
559 silly gunzTarPerm extractEntry templates/json/help.json
560 silly gunzTarPerm extractEntry templates/std/conflict-resolved.std
561 silly gunzTarPerm extractEntry templates/std/conflict.std
562 silly gunzTarPerm extractEntry templates/std/help-cache.std
563 silly gunzTarPerm extractEntry templates/std/help-generic.std
564 silly gunzTarPerm extractEntry templates/std/help.std
565 silly gunzTarPerm extractEntry templates/std/info.std
566 silly gunzTarPerm extractEntry templates/std/lookup.std
567 silly gunzTarPerm extractEntry templates/std/register.std
568 silly gunzTarPerm extractEntry templates/std/search-results.std
569 silly gunzTarPerm extractEntry templates/std/update-notice.std
570 silly gunzTarPerm extractEntry test/packages.js
571 silly gunzTarPerm extractEntry test/test.js
572 silly gunzTarPerm extractEntry test/assets/package-tar.tar.gz
573 silly gunzTarPerm extractEntry test/assets/package-zip-folder-single-file.zip
574 silly gunzTarPerm extractEntry test/assets/package-zip-folder.zip
575 silly gunzTarPerm extractEntry test/assets/package-zip-single-bower-json.zip
576 silly gunzTarPerm extractEntry test/assets/package-zip-single-component-json.zip
577 silly gunzTarPerm extractEntry test/assets/package-zip-single-file.zip
578 silly gunzTarPerm extractEntry test/assets/package-zip.zip
579 silly gunzTarPerm extractEntry test/assets/resolve-cache/list-json-1.json
580 silly gunzTarPerm extractEntry test/assets/test-temp-dir/test-exception.js
581 silly gunzTarPerm extractEntry test/assets/test-temp-dir/test.js
582 silly gunzTarPerm extractEntry test/core/packageRepository.js
583 silly gunzTarPerm extractEntry test/core/resolveCache.js
584 silly gunzTarPerm extractEntry test/core/resolverFactory.js
585 silly gunzTarPerm extractEntry test/core/resolvers/fsResolver.js
586 silly gunzTarPerm extractEntry test/core/resolvers/gitFsResolver.js
587 silly gunzTarPerm extractEntry test/core/resolvers/gitHubResolver.js
588 silly gunzTarPerm extractEntry test/core/resolvers/gitRemoteResolver.js
589 silly gunzTarPerm extractEntry test/core/resolvers/gitResolver.js
590 silly gunzTarPerm extractEntry test/core/resolvers/resolver.js
591 silly gunzTarPerm extractEntry test/core/resolvers/urlResolver.js
592 silly gunzTarPerm extractEntry test/packages.json
593 verbose read json /Users/sib/.npm/bower/1.2.3/package/package.json
594 silly lockFile 3ed686ab-sers-sib-npm-bower-1-2-3-package /Users/sib/.npm/bower/1.2.3/package
595 silly shasum updated bytes 40960
596 silly shasum updated bytes 40960
597 silly shasum updated bytes 14146
598 info shasum 4af544d590690cdab5396d93385f44ac5ccb50ab
598 info shasum /Users/sib/.npm/bower/1.2.3/package.tgz
599 verbose from cache /Users/sib/.npm/bower/1.2.3/package/package.json
600 verbose chmod /Users/sib/.npm/bower/1.2.3/package.tgz 644
601 verbose chown /Users/sib/.npm/bower/1.2.3/package.tgz [ 501, 20 ]
602 silly lockFile 6b0754bb--npmjs-org-bower-bower-1-2-3-tgz https://registry.npmjs.org/bower/-/bower-1.2.3.tgz
603 silly lockFile 5d7315b6-bower-1-2-3 bower@1.2.3
604 silly lockFile b788227f-bower bower@*
605 info outdated updating [ [ '/usr/local/lib', 'bower', '0.9.2', '1.2.3' ] ]
606 verbose install where,what [ '/usr/local/lib', [ 'bower@1.2.3' ] ]
607 verbose read json /usr/local/lib/package.json
608 verbose read json /usr/local/lib/package.json
609 verbose cache add [ 'bower@1.2.3', null ]
610 silly cache add name=undefined spec="bower@1.2.3" args=["bower@1.2.3",null]
611 verbose parsed url { pathname: 'bower@1.2.3',
611 verbose parsed url   path: 'bower@1.2.3',
611 verbose parsed url   href: 'bower@1.2.3' }
612 silly cache add name="bower" spec="1.2.3" args=["bower","1.2.3"]
613 verbose parsed url { pathname: '1.2.3', path: '1.2.3', href: '1.2.3' }
614 verbose addNamed [ 'bower', '1.2.3' ]
615 verbose addNamed [ '1.2.3', '1.2.3' ]
616 silly lockFile 5d7315b6-bower-1-2-3 bower@1.2.3
617 verbose lock bower@1.2.3 /Users/sib/.npm/5d7315b6-bower-1-2-3.lock
618 verbose url raw bower/1.2.3
619 verbose url resolving [ 'https://registry.npmjs.org/', './bower/1.2.3' ]
620 verbose url resolved https://registry.npmjs.org/bower/1.2.3
621 info trying registry request attempt 1 at 16:30:24
622 http GET https://registry.npmjs.org/bower/1.2.3
623 http 200 https://registry.npmjs.org/bower/1.2.3
624 silly registry.get cb [ 200,
624 silly registry.get   { vary: 'Accept',
624 silly registry.get     server: 'CouchDB/1.3.1 (Erlang OTP/R15B03)',
624 silly registry.get     etag: '"6T43UR21GAME418REF4ZHKIIE"',
624 silly registry.get     date: 'Fri, 23 Aug 2013 12:30:27 GMT',
624 silly registry.get     'content-type': 'application/json',
624 silly registry.get     'content-length': '13784' } ]
625 silly lockFile 6b0754bb--npmjs-org-bower-bower-1-2-3-tgz https://registry.npmjs.org/bower/-/bower-1.2.3.tgz
626 verbose lock https://registry.npmjs.org/bower/-/bower-1.2.3.tgz /Users/sib/.npm/6b0754bb--npmjs-org-bower-bower-1-2-3-tgz.lock
627 verbose addRemoteTarball [ 'https://registry.npmjs.org/bower/-/bower-1.2.3.tgz',
627 verbose addRemoteTarball   '5a578d7f502074190ac30a35f6faf19847d0496f' ]
628 info retry fetch attempt 1 at 16:30:27
629 verbose fetch to= /var/folders/k4/97bptfhx6m3420n59hxnvg3c0000gn/T/npm-40087/1377261027632-0.6322383196093142/tmp.tgz
630 http GET https://registry.npmjs.org/bower/-/bower-1.2.3.tgz
631 http 200 https://registry.npmjs.org/bower/-/bower-1.2.3.tgz
632 silly shasum updated bytes 40960
633 silly shasum updated bytes 40960
634 silly shasum updated bytes 14302
635 info shasum 5a578d7f502074190ac30a35f6faf19847d0496f
635 info shasum /var/folders/k4/97bptfhx6m3420n59hxnvg3c0000gn/T/npm-40087/1377261027632-0.6322383196093142/tmp.tgz
636 verbose tar unpack /var/folders/k4/97bptfhx6m3420n59hxnvg3c0000gn/T/npm-40087/1377261027632-0.6322383196093142/tmp.tgz
637 silly lockFile eb3f698f-27632-0-6322383196093142-package /var/folders/k4/97bptfhx6m3420n59hxnvg3c0000gn/T/npm-40087/1377261027632-0.6322383196093142/package
638 verbose lock /var/folders/k4/97bptfhx6m3420n59hxnvg3c0000gn/T/npm-40087/1377261027632-0.6322383196093142/package /Users/sib/.npm/eb3f698f-27632-0-6322383196093142-package.lock
639 silly gunzTarPerm modes [ '755', '644' ]
640 silly gunzTarPerm extractEntry package.json
641 silly gunzTarPerm extractEntry .npmignore
642 silly gunzTarPerm extractEntry README.md
643 silly gunzTarPerm extractEntry LICENSE
644 silly gunzTarPerm extractEntry Gruntfile.js
645 silly gunzTarPerm extractEntry CONTRIBUTING.md
646 silly gunzTarPerm extractEntry .editorconfig
647 silly gunzTarPerm extractEntry .jshintrc
648 silly gunzTarPerm extractEntry .travis.yml
649 silly gunzTarPerm extractEntry bin/bower
650 silly gunzTarPerm extractEntry lib/config.js
651 silly gunzTarPerm extractEntry lib/index.js
652 silly gunzTarPerm extractEntry lib/commands/update.js
653 silly gunzTarPerm extractEntry lib/commands/index.js
654 silly gunzTarPerm extractEntry lib/commands/info.js
655 silly gunzTarPerm extractEntry lib/commands/init.js
656 silly gunzTarPerm extractEntry lib/commands/install.js
657 silly gunzTarPerm extractEntry lib/commands/home.js
658 silly gunzTarPerm extractEntry lib/commands/list.js
659 silly gunzTarPerm extractEntry lib/commands/lookup.js
660 silly gunzTarPerm extractEntry lib/commands/prune.js
661 silly gunzTarPerm extractEntry lib/commands/register.js
662 silly gunzTarPerm extractEntry lib/commands/search.js
663 silly gunzTarPerm extractEntry lib/commands/help.js
664 silly gunzTarPerm extractEntry lib/commands/uninstall.js
665 silly gunzTarPerm extractEntry lib/commands/completion.js
666 silly gunzTarPerm extractEntry lib/commands/link.js
667 silly gunzTarPerm extractEntry lib/commands/cache/clean.js
668 silly gunzTarPerm extractEntry lib/commands/cache/index.js
669 silly gunzTarPerm extractEntry lib/commands/cache/list.js
670 silly gunzTarPerm extractEntry lib/core/Manager.js
671 silly gunzTarPerm extractEntry lib/core/PackageRepository.js
672 silly gunzTarPerm extractEntry lib/core/Project.js
673 silly gunzTarPerm extractEntry lib/core/ResolveCache.js
674 silly gunzTarPerm extractEntry lib/core/resolverFactory.js
675 silly gunzTarPerm extractEntry lib/core/resolvers/FsResolver.js
676 silly gunzTarPerm extractEntry lib/core/resolvers/GitFsResolver.js
677 silly gunzTarPerm extractEntry lib/core/resolvers/GitHubResolver.js
678 silly gunzTarPerm extractEntry lib/core/resolvers/GitRemoteResolver.js
679 silly gunzTarPerm extractEntry lib/core/resolvers/GitResolver.js
680 silly gunzTarPerm extractEntry lib/core/resolvers/Resolver.js
681 silly gunzTarPerm extractEntry lib/core/resolvers/UrlResolver.js
682 silly gunzTarPerm extractEntry lib/core/resolvers/index.js
683 silly gunzTarPerm extractEntry lib/renderers/JsonRenderer.js
684 silly gunzTarPerm extractEntry lib/renderers/StandardRenderer.js
685 silly gunzTarPerm extractEntry lib/renderers/index.js
686 silly gunzTarPerm extractEntry lib/util/cli.js
687 silly gunzTarPerm extractEntry lib/util/createError.js
688 silly gunzTarPerm extractEntry lib/util/createLink.js
689 silly gunzTarPerm extractEntry lib/util/download.js
690 silly gunzTarPerm extractEntry lib/util/extract.js
691 silly gunzTarPerm extractEntry lib/util/copy.js
692 silly gunzTarPerm extractEntry lib/util/readJson.js
693 silly gunzTarPerm extractEntry lib/util/removeIgnores.js
694 silly gunzTarPerm extractEntry lib/util/rootCheck.js
695 silly gunzTarPerm extractEntry lib/util/semver.js
696 silly gunzTarPerm extractEntry lib/util/template.js
697 silly gunzTarPerm extractEntry lib/util/cmd.js
698 silly gunzTarPerm extractEntry lib/util/validLink.js
699 silly gunzTarPerm extractEntry lib/util/md5.js
700 silly gunzTarPerm extractEntry CHANGELOG.md
701 silly gunzTarPerm extractEntry templates/helpers/colors.js
702 silly gunzTarPerm extractEntry templates/helpers/condense.js
703 silly gunzTarPerm extractEntry templates/helpers/indent.js
704 silly gunzTarPerm extractEntry templates/helpers/index.js
705 silly gunzTarPerm extractEntry templates/helpers/rpad.js
706 silly gunzTarPerm extractEntry templates/helpers/sum.js
707 silly gunzTarPerm extractEntry templates/json/help-list.json
708 silly gunzTarPerm extractEntry templates/json/help-cache/clean.json
709 silly gunzTarPerm extractEntry templates/json/help-cache/list.json
710 silly gunzTarPerm extractEntry templates/json/help-home.json
711 silly gunzTarPerm extractEntry templates/json/help-info.json
712 silly gunzTarPerm extractEntry templates/json/help-init.json
713 silly gunzTarPerm extractEntry templates/json/help-install.json
714 silly gunzTarPerm extractEntry templates/json/help-link.json
715 silly gunzTarPerm extractEntry templates/json/help-cache.json
716 silly gunzTarPerm extractEntry templates/json/help-lookup.json
717 silly gunzTarPerm extractEntry templates/json/help-prune.json
718 silly gunzTarPerm extractEntry templates/json/help-register.json
719 silly gunzTarPerm extractEntry templates/json/help-search.json
720 silly gunzTarPerm extractEntry templates/json/help-uninstall.json
721 silly gunzTarPerm extractEntry templates/json/help-update.json
722 silly gunzTarPerm extractEntry templates/json/help.json
723 silly gunzTarPerm extractEntry templates/std/conflict-resolved.std
724 silly gunzTarPerm extractEntry templates/std/conflict.std
725 silly gunzTarPerm extractEntry templates/std/help-cache.std
726 silly gunzTarPerm extractEntry templates/std/help-generic.std
727 silly gunzTarPerm extractEntry templates/std/help.std
728 silly gunzTarPerm extractEntry templates/std/info.std
729 silly gunzTarPerm extractEntry templates/std/lookup.std
730 silly gunzTarPerm extractEntry templates/std/register.std
731 silly gunzTarPerm extractEntry templates/std/search-results.std
732 silly gunzTarPerm extractEntry templates/std/update-notice.std
733 silly gunzTarPerm extractEntry test/packages.js
734 silly gunzTarPerm extractEntry test/test.js
735 silly gunzTarPerm extractEntry test/assets/package-tar.tar.gz
736 silly gunzTarPerm extractEntry test/assets/package-zip-folder-single-file.zip
737 silly gunzTarPerm extractEntry test/assets/package-zip-folder.zip
738 silly gunzTarPerm extractEntry test/assets/package-zip-single-bower-json.zip
739 silly gunzTarPerm extractEntry test/assets/package-zip-single-component-json.zip
740 silly gunzTarPerm extractEntry test/assets/package-zip-single-file.zip
741 silly gunzTarPerm extractEntry test/assets/package-zip.zip
742 silly gunzTarPerm extractEntry test/assets/resolve-cache/list-json-1.json
743 silly gunzTarPerm extractEntry test/assets/test-temp-dir/test-exception.js
744 silly gunzTarPerm extractEntry test/assets/test-temp-dir/test.js
745 silly gunzTarPerm extractEntry test/core/packageRepository.js
746 silly gunzTarPerm extractEntry test/core/resolveCache.js
747 silly gunzTarPerm extractEntry test/core/resolverFactory.js
748 silly gunzTarPerm extractEntry test/core/resolvers/fsResolver.js
749 silly gunzTarPerm extractEntry test/core/resolvers/gitFsResolver.js
750 silly gunzTarPerm extractEntry test/core/resolvers/gitHubResolver.js
751 silly gunzTarPerm extractEntry test/core/resolvers/gitRemoteResolver.js
752 silly gunzTarPerm extractEntry test/core/resolvers/gitResolver.js
753 silly gunzTarPerm extractEntry test/core/resolvers/resolver.js
754 silly gunzTarPerm extractEntry test/core/resolvers/urlResolver.js
755 silly gunzTarPerm extractEntry test/packages.json
756 verbose read json /var/folders/k4/97bptfhx6m3420n59hxnvg3c0000gn/T/npm-40087/1377261027632-0.6322383196093142/package/package.json
757 silly lockFile eb3f698f-27632-0-6322383196093142-package /var/folders/k4/97bptfhx6m3420n59hxnvg3c0000gn/T/npm-40087/1377261027632-0.6322383196093142/package
758 verbose from cache /var/folders/k4/97bptfhx6m3420n59hxnvg3c0000gn/T/npm-40087/1377261027632-0.6322383196093142/package/package.json
759 verbose tar pack [ '/Users/sib/.npm/bower/1.2.3/package.tgz',
759 verbose tar pack   '/var/folders/k4/97bptfhx6m3420n59hxnvg3c0000gn/T/npm-40087/1377261027632-0.6322383196093142/package' ]
760 verbose tarball /Users/sib/.npm/bower/1.2.3/package.tgz
761 verbose folder /var/folders/k4/97bptfhx6m3420n59hxnvg3c0000gn/T/npm-40087/1377261027632-0.6322383196093142/package
762 silly lockFile acfee395--sib-npm-bower-1-2-3-package-tgz /Users/sib/.npm/bower/1.2.3/package.tgz
763 verbose lock /Users/sib/.npm/bower/1.2.3/package.tgz /Users/sib/.npm/acfee395--sib-npm-bower-1-2-3-package-tgz.lock
764 silly lockFile acfee395--sib-npm-bower-1-2-3-package-tgz /Users/sib/.npm/bower/1.2.3/package.tgz
765 silly lockFile 3ed686ab-sers-sib-npm-bower-1-2-3-package /Users/sib/.npm/bower/1.2.3/package
766 verbose lock /Users/sib/.npm/bower/1.2.3/package /Users/sib/.npm/3ed686ab-sers-sib-npm-bower-1-2-3-package.lock
767 silly lockFile 3ed686ab-sers-sib-npm-bower-1-2-3-package /Users/sib/.npm/bower/1.2.3/package
768 verbose tar unpack /Users/sib/.npm/bower/1.2.3/package.tgz
769 silly lockFile 3ed686ab-sers-sib-npm-bower-1-2-3-package /Users/sib/.npm/bower/1.2.3/package
770 verbose lock /Users/sib/.npm/bower/1.2.3/package /Users/sib/.npm/3ed686ab-sers-sib-npm-bower-1-2-3-package.lock
771 silly gunzTarPerm modes [ '755', '644' ]
772 silly gunzTarPerm extractEntry package.json
773 silly gunzTarPerm extractEntry .npmignore
774 silly gunzTarPerm extractEntry README.md
775 silly gunzTarPerm extractEntry LICENSE
776 silly gunzTarPerm extractEntry Gruntfile.js
777 silly gunzTarPerm extractEntry CHANGELOG.md
778 silly gunzTarPerm extractEntry CONTRIBUTING.md
779 silly gunzTarPerm extractEntry .jshintrc
780 silly gunzTarPerm extractEntry lib/config.js
781 silly gunzTarPerm extractEntry lib/index.js
782 silly gunzTarPerm extractEntry lib/commands/update.js
783 silly gunzTarPerm extractEntry lib/commands/index.js
784 silly gunzTarPerm extractEntry lib/commands/info.js
785 silly gunzTarPerm extractEntry lib/commands/init.js
786 silly gunzTarPerm extractEntry lib/commands/install.js
787 silly gunzTarPerm extractEntry lib/commands/home.js
788 silly gunzTarPerm extractEntry lib/commands/list.js
789 silly gunzTarPerm extractEntry lib/commands/lookup.js
790 silly gunzTarPerm extractEntry lib/commands/prune.js
791 silly gunzTarPerm extractEntry lib/commands/register.js
792 silly gunzTarPerm extractEntry lib/commands/search.js
793 silly gunzTarPerm extractEntry lib/commands/help.js
794 silly gunzTarPerm extractEntry lib/commands/uninstall.js
795 silly gunzTarPerm extractEntry lib/commands/completion.js
796 silly gunzTarPerm extractEntry lib/commands/link.js
797 silly gunzTarPerm extractEntry lib/commands/cache/clean.js
798 silly gunzTarPerm extractEntry lib/commands/cache/index.js
799 silly gunzTarPerm extractEntry lib/commands/cache/list.js
800 silly gunzTarPerm extractEntry lib/core/Manager.js
801 silly gunzTarPerm extractEntry lib/core/PackageRepository.js
802 silly gunzTarPerm extractEntry lib/core/Project.js
803 silly gunzTarPerm extractEntry lib/core/ResolveCache.js
804 silly gunzTarPerm extractEntry lib/core/resolverFactory.js
805 silly gunzTarPerm extractEntry lib/core/resolvers/FsResolver.js
806 silly gunzTarPerm extractEntry lib/core/resolvers/GitFsResolver.js
807 silly gunzTarPerm extractEntry lib/core/resolvers/GitHubResolver.js
808 silly gunzTarPerm extractEntry lib/core/resolvers/GitRemoteResolver.js
809 silly gunzTarPerm extractEntry lib/core/resolvers/GitResolver.js
810 silly gunzTarPerm extractEntry lib/core/resolvers/index.js
811 silly gunzTarPerm extractEntry lib/core/resolvers/Resolver.js
812 silly gunzTarPerm extractEntry lib/core/resolvers/UrlResolver.js
813 silly gunzTarPerm extractEntry lib/renderers/index.js
814 silly gunzTarPerm extractEntry lib/renderers/JsonRenderer.js
815 silly gunzTarPerm extractEntry lib/renderers/StandardRenderer.js
816 silly gunzTarPerm extractEntry lib/util/cli.js
817 silly gunzTarPerm extractEntry lib/util/createError.js
818 silly gunzTarPerm extractEntry lib/util/createLink.js
819 silly gunzTarPerm extractEntry lib/util/download.js
820 silly gunzTarPerm extractEntry lib/util/extract.js
821 silly gunzTarPerm extractEntry lib/util/copy.js
822 silly gunzTarPerm extractEntry lib/util/readJson.js
823 silly gunzTarPerm extractEntry lib/util/removeIgnores.js
824 silly gunzTarPerm extractEntry lib/util/rootCheck.js
825 silly gunzTarPerm extractEntry lib/util/semver.js
826 silly gunzTarPerm extractEntry lib/util/template.js
827 silly gunzTarPerm extractEntry lib/util/cmd.js
828 silly gunzTarPerm extractEntry lib/util/validLink.js
829 silly gunzTarPerm extractEntry lib/util/md5.js
830 silly gunzTarPerm extractEntry .editorconfig
831 silly gunzTarPerm extractEntry .travis.yml
832 silly gunzTarPerm extractEntry bin/bower
833 silly gunzTarPerm extractEntry templates/helpers/colors.js
834 silly gunzTarPerm extractEntry templates/helpers/condense.js
835 silly gunzTarPerm extractEntry templates/helpers/indent.js
836 silly gunzTarPerm extractEntry templates/helpers/index.js
837 silly gunzTarPerm extractEntry templates/helpers/rpad.js
838 silly gunzTarPerm extractEntry templates/helpers/sum.js
839 silly gunzTarPerm extractEntry templates/json/help-list.json
840 silly gunzTarPerm extractEntry templates/json/help-cache/clean.json
841 silly gunzTarPerm extractEntry templates/json/help-cache/list.json
842 silly gunzTarPerm extractEntry templates/json/help-home.json
843 silly gunzTarPerm extractEntry templates/json/help-info.json
844 silly gunzTarPerm extractEntry templates/json/help-init.json
845 silly gunzTarPerm extractEntry templates/json/help-install.json
846 silly gunzTarPerm extractEntry templates/json/help-link.json
847 silly gunzTarPerm extractEntry templates/json/help-cache.json
848 silly gunzTarPerm extractEntry templates/json/help-lookup.json
849 silly gunzTarPerm extractEntry templates/json/help-prune.json
850 silly gunzTarPerm extractEntry templates/json/help-register.json
851 silly gunzTarPerm extractEntry templates/json/help-search.json
852 silly gunzTarPerm extractEntry templates/json/help-uninstall.json
853 silly gunzTarPerm extractEntry templates/json/help-update.json
854 silly gunzTarPerm extractEntry templates/json/help.json
855 silly gunzTarPerm extractEntry templates/std/conflict-resolved.std
856 silly gunzTarPerm extractEntry templates/std/conflict.std
857 silly gunzTarPerm extractEntry templates/std/help-cache.std
858 silly gunzTarPerm extractEntry templates/std/help-generic.std
859 silly gunzTarPerm extractEntry templates/std/help.std
860 silly gunzTarPerm extractEntry templates/std/info.std
861 silly gunzTarPerm extractEntry templates/std/lookup.std
862 silly gunzTarPerm extractEntry templates/std/register.std
863 silly gunzTarPerm extractEntry templates/std/search-results.std
864 silly gunzTarPerm extractEntry templates/std/update-notice.std
865 silly gunzTarPerm extractEntry test/packages.js
866 silly gunzTarPerm extractEntry test/test.js
867 silly gunzTarPerm extractEntry test/assets/package-tar.tar.gz
868 silly gunzTarPerm extractEntry test/assets/package-zip-folder-single-file.zip
869 silly gunzTarPerm extractEntry test/assets/package-zip-folder.zip
870 silly gunzTarPerm extractEntry test/assets/package-zip-single-bower-json.zip
871 silly gunzTarPerm extractEntry test/assets/package-zip-single-component-json.zip
872 silly gunzTarPerm extractEntry test/assets/package-zip-single-file.zip
873 silly gunzTarPerm extractEntry test/assets/package-zip.zip
874 silly gunzTarPerm extractEntry test/assets/resolve-cache/list-json-1.json
875 silly gunzTarPerm extractEntry test/assets/test-temp-dir/test-exception.js
876 silly gunzTarPerm extractEntry test/assets/test-temp-dir/test.js
877 silly gunzTarPerm extractEntry test/core/packageRepository.js
878 silly gunzTarPerm extractEntry test/core/resolveCache.js
879 silly gunzTarPerm extractEntry test/core/resolverFactory.js
880 silly gunzTarPerm extractEntry test/core/resolvers/fsResolver.js
881 silly gunzTarPerm extractEntry test/core/resolvers/gitFsResolver.js
882 silly gunzTarPerm extractEntry test/core/resolvers/gitHubResolver.js
883 silly gunzTarPerm extractEntry test/core/resolvers/gitRemoteResolver.js
884 silly gunzTarPerm extractEntry test/core/resolvers/gitResolver.js
885 silly gunzTarPerm extractEntry test/core/resolvers/resolver.js
886 silly gunzTarPerm extractEntry test/core/resolvers/urlResolver.js
887 silly gunzTarPerm extractEntry test/packages.json
888 verbose from cache /Users/sib/.npm/bower/1.2.3/package/package.json
889 silly lockFile 3ed686ab-sers-sib-npm-bower-1-2-3-package /Users/sib/.npm/bower/1.2.3/package
890 silly shasum updated bytes 40960
891 silly shasum updated bytes 40960
892 silly shasum updated bytes 14146
893 info shasum 4af544d590690cdab5396d93385f44ac5ccb50ab
893 info shasum /Users/sib/.npm/bower/1.2.3/package.tgz
894 verbose from cache /Users/sib/.npm/bower/1.2.3/package/package.json
895 verbose chmod /Users/sib/.npm/bower/1.2.3/package.tgz 644
896 verbose chown /Users/sib/.npm/bower/1.2.3/package.tgz [ 501, 20 ]
897 silly lockFile 6b0754bb--npmjs-org-bower-bower-1-2-3-tgz https://registry.npmjs.org/bower/-/bower-1.2.3.tgz
898 silly lockFile 5d7315b6-bower-1-2-3 bower@1.2.3
899 silly resolved [ { name: 'bower',
899 silly resolved     version: '1.2.3',
899 silly resolved     description: 'The browser package manager.',
899 silly resolved     author: { name: 'Twitter' },
899 silly resolved     licenses: [ [Object] ],
899 silly resolved     repository: { type: 'git', url: 'git://github.com/bower/bower.git' },
899 silly resolved     main: 'lib',
899 silly resolved     homepage: 'http://bower.io',
899 silly resolved     engines: { node: '>=0.8.0' },
899 silly resolved     dependencies:
899 silly resolved      { abbrev: '~1.0.4',
899 silly resolved        archy: '0.0.2',
899 silly resolved        'bower-config': '~0.4.3',
899 silly resolved        'bower-endpoint-parser': '~0.2.0',
899 silly resolved        'bower-json': '~0.4.0',
899 silly resolved        'bower-logger': '~0.2.1',
899 silly resolved        'bower-registry-client': '~0.1.4',
899 silly resolved        cardinal: '~0.4.0',
899 silly resolved        chalk: '~0.2.0',
899 silly resolved        chmodr: '~0.1.0',
899 silly resolved        fstream: '~0.1.22',
899 silly resolved        'fstream-ignore': '~0.0.6',
899 silly resolved        glob: '~3.2.1',
899 silly resolved        'graceful-fs': '~2.0.0',
899 silly resolved        handlebars: '~1.0.11',
899 silly resolved        inquirer: '~0.2.2',
899 silly resolved        junk: '~0.2.0',
899 silly resolved        mkdirp: '~0.3.5',
899 silly resolved        mout: '~0.6.0',
899 silly resolved        nopt: '~2.1.1',
899 silly resolved        'lru-cache': '~2.3.0',
899 silly resolved        open: '~0.0.3',
899 silly resolved        promptly: '~0.2.0',
899 silly resolved        q: '~0.9.2',
899 silly resolved        request: '~2.27.0',
899 silly resolved        'request-progress': '~0.2.0',
899 silly resolved        retry: '~0.6.0',
899 silly resolved        rimraf: '~2.2.0',
899 silly resolved        semver: '~2.1.0',
899 silly resolved        'stringify-object': '~0.1.4',
899 silly resolved        'sudo-block': '~0.2.0',
899 silly resolved        tar: '~0.1.17',
899 silly resolved        tmp: '~0.0.20',
899 silly resolved        unzip: '~0.1.7',
899 silly resolved        'update-notifier': '~0.1.3',
899 silly resolved        which: '~1.0.5' },
899 silly resolved     devDependencies:
899 silly resolved      { 'expect.js': '~0.2.0',
899 silly resolved        grunt: '~0.4.1',
899 silly resolved        'grunt-simple-mocha': '~0.4.0',
899 silly resolved        'grunt-contrib-watch': '~0.5.0',
899 silly resolved        'grunt-contrib-jshint': '~0.6.0',
899 silly resolved        'grunt-exec': '~0.4.2',
899 silly resolved        mocha: '~1.12.0',
899 silly resolved        nock: '~0.22.0',
899 silly resolved        istanbul: '~0.1.42',
899 silly resolved        proxyquire: '~0.5.0' },
899 silly resolved     scripts: { test: 'grunt test' },
899 silly resolved     bin: { bower: 'bin/bower' },
899 silly resolved     preferGlobal: true,
899 silly resolved     readme: '# BOWER [![Build Status](https://secure.travis-ci.org/bower/bower.png?branch=master)](http://travis-ci.org/bower/bower)\n\nBower is a package manager for the web. It offers a generic, unopinionated\nsolution to the problem of **front-end package management**, while exposing the\npackage dependency model via an API that can be consumed by a more opinionated\nbuild stack. There are no system wide dependencies, no dependencies are shared\nbetween different apps, and the dependency tree is flat.\n\nBower runs over Git, and is package-agnostic. A packaged component can be made\nup of any type of asset, and use any type of transport (e.g., AMD, CommonJS,\netc.).\n\n[View all packages available through Bower\'s registry](http://sindresorhus.com/bower-components/).\n\n\n## Installing Bower\n\nBower depends on [Node](http://nodejs.org/) and [npm](http://npmjs.org/). It\'s\ninstalled globally using npm:\n\n```\nnpm install -g bower\n```\n\nAlso make sure that [git](http://git-scm.com/) is installed as some bower\npackages require it to be fetched and installed.\n\n\n## Usage\n\nMuch more information is available via `bower help` once it\'s installed. This\nis just enough to get you started.\n\n#### Warning\n\nOn `prezto` or `oh-my-zsh`, do not forget to `alias bower=\'noglob bower\'` or `bower install jquery\\#1.9.1`\n\n#### Running commands with sudo\n\nBower is a user command, there is no need to execute it with superuser permissions.\nHowever, if you still want to run commands with sudo, use `--allow-root` option.\n\n### Installing packages and dependencies\n\nBower offers several ways to install packages:\n\n```\n# Using the dependencies listed in the current directory\'s bower.json\nbower install\n# Using a local or remote package\nbower install <package>\n# Using a specific version of a package\nbower install <package>#<version>\n# Using a different name and a specific version of a package\nbower install <name>=<package>#<version>\n```\n\nWhere `<package>` can be any one of the following:\n\n* A name that maps to a package registered with Bower, e.g, `jquery`. \n* A remote Git endpoint, e.g., `git://github.com/someone/some-package.git`. Can be\n  public or private. \n* A local endpoint, i.e., a folder that\'s a Git repository. \n* A shorthand endpoint, e.g., `someone/some-package` (defaults to GitHub). \n* A URL to a file, including `zip` and `tar` files. Its contents will be\n  extracted.\n\n These types of `<package>` might have versions available. You can specify a\n[semver](http://semver.org/) compatible version to fetch a specific release, and lock the\npackage to that version. You can also use ranges to specify a range of versions.\n\nAll package contents are installed in the `bower_components` directory by default.\nYou should **never** directly modify the contents of this directory.\n\nUsing `bower list` will show all the packages that are installed locally.\n\n**N.B.** If you aren\'t authoring a package that is intended to be consumed by\nothers (e.g., you\'re building a web app), you should always check installed\npackages into source control.\n\n### Finding packages\n\nTo search for packages registered with Bower:\n\n```\nbower search [<name>]\n```\n\nUsing just `bower search` will list all packages in the registry.\n\n### Using packages\n\nThe easiest approach is to use Bower statically, just reference the package\'s\ninstalled components manually using a `script` tag:\n\n```html\n<script src="/bower_components/jquery/index.js"></script>\n```\n\nFor more complex projects, you\'ll probably want to concatenate your scripts or\nuse a module loader. Bower is just a package manager, but there are plenty of\nother tools -- such as [Sprockets](https://github.com/sstephenson/sprockets)\nand [RequireJS](http://requirejs.org/) -- that will help you do this.\n\n### Registering packages\n\nTo register a new package:\n\n* There **must** be a valid manifest JSON in the current working directory.\n* Your package should use [semver](http://semver.org/) Git tags.\n* Your package **must** be available at a Git endpoint (e.g., GitHub); remember\n  to push your Git tags!\n\nThen use the following command:\n\n```\nbower register <my-package-name> <git-endpoint>\n```\n\nThe Bower registry does not have authentication or user management at this point\nin time. It\'s on a first come, first served basis. Think of it like a URL\nshortener. Now anyone can run `bower install <my-package-name>`, and get your\nlibrary installed.\n\nThere is no direct way to unregister a package yet. For now, you can [request a\npackage be unregistered](https://github.com/bower/bower/issues/120).\n\n### Uninstalling packages\n\nTo uninstall a locally installed package:\n\n```\nbower uninstall <package-name>\n```\n\n\n## Configuration\n\nBower can be configured using JSON in a `.bowerrc` file.\n\nThe current spec can be read\n[here](https://docs.google.com/document/d/1APq7oA9tNao1UYWyOm8dKqlRP2blVkROYLZ2fLIjtWc/edit#heading=h.4pzytc1f9j8k)\nin the `Configuration` section.\n\n\n## Defining a package\n\nYou must create a `bower.json` in your project\'s root, and specify all of its\ndependencies. This is similar to Node\'s `package.json`, or Ruby\'s `Gemfile`,\nand is useful for locking down a project\'s dependencies.\n\n*NOTE:* In versions of Bower before 0.9.0 the package metadata file was called\n`component.json` rather than `bower.json`. This has changed to avoid a name\nclash with another tool. You can still use `component.json` for now but it is\ndeprecated and the automatic fallback is likely to be removed in an upcoming\nrelease.\n\nYou can interactively create a `bower.json` with the following command:\n\n```\nbower init\n```\n\nThe `bower.json` defines several options:\n\n* `name` (required): The name of your package.\n* `version`: A semantic version number (see [semver](http://semver.org/)).\n* `main` [string|array]: The primary endpoints of your package.\n* `ignore` [array]: An array of paths not needed in production that you want\n  Bower to ignore when installing your package.\n* `dependencies` [hash]: Packages your package depends upon in production.\n* `devDependencies` [hash]: Development dependencies.\n* `private` [boolean]: Set to true if you want to keep the package private and \n  do not want to register the package in future.\n\n```json\n{\n  "name": "my-project",\n  "version": "1.0.0",\n  "main": "path/to/main.css",\n  "ignore": [\n    ".jshintrc",\n    "**/*.txt"\n  ],\n  "dependencies": {\n    "<name>": "<version>",\n    "<name>": "<folder>",\n    "<name>": "<package>"\n  },\n  "devDependencies": {\n    "<test-framework-name>": "<version>"\n  }\n}\n```\n\n\n## Consuming a package\n\nBower also makes available a source mapping. This can be used by build tools to\neasily consume Bower packages.\n\nIf you pass the `--paths` option to Bower\'s `list` command, you will get a\nsimple path-to-name mapping:\n\n```json\n{\n  "backbone": "bower_components/backbone/index.js",\n  "jquery": "bower_components/jquery/index.js",\n  "underscore": "bower_components/underscore/index.js"\n}\n```\n\nAlternatively, every command supports the `--json` option that makes bower\noutput JSON. Command result is outputted to `stdout` and error/logs to\n`stderr`.\n\n\n## Programmatic API\n\nBower provides a powerful, programmatic API. All commands can be accessed\nthrough the `bower.commands` object.\n\n```js\nvar bower = require(\'bower\');\n\nbower.commands\n.install([\'jquery\'], { save: true }, { /* custom config */ })\n.on(\'end\', function (installed) {\n    console.log(installed);\n});\n\nbower.commands\n.search(\'jquery\', {})\n.on(\'end\', function (results) {\n    console.log(results);\n});\n```\n\nCommands emit four types of events: `log`, `prompt`, `end`, `error`.\n\n* `log` is emitted to report the state/progress of the command.\n* `prompt` is emitted whenever the user needs to be prompted.\n* `error` will only be emitted if something goes wrong.\n* `end` is emitted when the command successfully ends.\n\nFor a better of idea how this works, you may want to check out [our bin\nfile](https://github.com/bower/bower/blob/master/bin/bower).\n\nWhen using bower programmatically, prompting is disabled by default. Though you can enable it when calling commands with `interactive: true` in the config.\nThis requires you to listen for the `prompt` event and handle the prompting yourself. The easiest way is to use the [inquirer](https://npmjs.org/package/inquirer) npm module like so:\n\n```js\nvar inquirer =  require(\'inquirer\');\n\nbower.commands\n.install([\'jquery\'], { save: true }, { interactive: true })\n// ..\n.on(\'prompt\', function (prompts, callback) {\n    inquirer.prompt(prompts, callback);\n});\n```\n\n\n## Completion (experimental)\n\n_NOTE_: Completion is still not implemented for the 1.0.0 release\n\nBower now has an experimental `completion` command that is based on, and works\nsimilarly to the [npm completion](https://npmjs.org/doc/completion.html). It is\nnot available for Windows users.\n\nThis command will output a Bash / ZSH script to put into your `~/.bashrc`,\n`~/.bash_profile`, or `~/.zshrc` file.\n\n```\nbower completion >> ~/.bash_profile\n```\n\n\n## A note for Windows users\n\nTo use Bower on Windows, you must install\n[msysgit](http://code.google.com/p/msysgit/) correctly. Be sure to check the\noption shown below:\n\n![msysgit](http://f.cl.ly/items/2V2O3i1p3R2F1r2v0a12/mysgit.png)\n\nNote that if you use TortoiseGit and if Bower keeps asking for your SSH\npassword, you should add the following environment variable: `GIT_SSH -\nC:\\Program Files\\TortoiseGit\\bin\\TortoisePlink.exe`. Adjust the `TortoisePlink`\npath if needed.\n\n\n## Contact\n\nHave a question?\n\n* [StackOverflow](http://stackoverflow.com/questions/tagged/bower)\n* [Mailinglist](http://groups.google.com/group/twitter-bower) - twitter-bower@googlegroups.com\n* [\\#bower](http://webchat.freenode.net/?channels=bower) on Freenode\n\n\n## Contributing to this project\n\nAnyone and everyone is welcome to contribute. Please take a moment to\nreview the [guidelines for contributing](CONTRIBUTING.md).\n\n* [Bug reports](CONTRIBUTING.md#bugs)\n* [Feature requests](CONTRIBUTING.md#features)\n* [Pull requests](CONTRIBUTING.md#pull-requests)\n\n\n## Authors\n\n* [@fat](https://github.com/fat)\n* [@maccman](https://github.com/maccman)\n* [@satazor](https://github.com/satazor)\n\nThanks for assistance and contributions:\n\n[@addyosmani](https://github.com/addyosmani),\n[@angus-c](https://github.com/angus-c),\n[@borismus](https://github.com/borismus),\n[@carsonmcdonald](https://github.com/carsonmcdonald),\n[@chriseppstein](https://github.com/chriseppstein),\n[@danwrong](https://github.com/danwrong),\n[@davidmaxwaterman](https://github.com/davidmaxwaterman),\n[@desandro](https://github.com/desandro),\n[@hemanth](https://github.com/hemanth),\n[@isaacs](https://github.com/isaacs),\n[@josh](https://github.com/josh),\n[@jrburke](https://github.com/jrburke),\n[@marcelombc](https://github.com/marcelombc),\n[@marcooliveira](https://github.com/marcooliveira),\n[@mklabs](https://github.com/mklabs),\n[@MrDHat](https://github.com/MrDHat),\n[@necolas](https://github.com/necolas),\n[@paulirish](https://github.com/paulirish),\n[@richo](https://github.com/richo),\n[@rvagg](https://github.com/rvagg),\n[@sindresorhus](https://github.com/sindresorhus),\n[@SlexAxton](https://github.com/SlexAxton),\n[@sstephenson](https://github.com/sstephenson),\n[@svnlto](https://github.com/svnlto),\n[@tomdale](https://github.com/tomdale),\n[@uzquiano](https://github.com/uzquiano),\n[@visionmedia](https://github.com/visionmedia),\n[@wagenet](https://github.com/wagenet),\n[@wibblymat](https://github.com/wibblymat),\n[@wycats](https://github.com/wycats)\n\n\n## License\n\nCopyright 2012 Twitter, Inc.\n\nLicensed under the MIT License\n',
899 silly resolved     readmeFilename: 'README.md',
899 silly resolved     _id: 'bower@1.2.3',
899 silly resolved     dist: { shasum: '4af544d590690cdab5396d93385f44ac5ccb50ab' },
899 silly resolved     _from: 'bower@1.2.3' } ]
900 info install bower@1.2.3 into /usr/local/lib
901 info installOne bower@1.2.3
902 verbose from cache /Users/sib/.npm/bower/1.2.3/package/package.json
903 info /usr/local/lib/node_modules/bower unbuild
904 verbose from cache /usr/local/lib/node_modules/bower/package.json
905 info preuninstall bower@0.9.2
906 info uninstall bower@0.9.2
907 verbose true,/usr/local/lib/node_modules,/usr/local/lib/node_modules unbuild bower@0.9.2
908 verbose /usr/local/bin,[object Object] binRoot
909 info postuninstall bower@0.9.2
910 info /usr/local/lib/node_modules/bower unbuild
911 verbose read json /usr/local/lib/node_modules/bower/package.json
912 info preuninstall bower@0.9.2
913 info uninstall bower@0.9.2
914 verbose true,/usr/local/lib/node_modules,/usr/local/lib/node_modules unbuild bower@0.9.2
915 verbose /usr/local/bin,[object Object] binRoot
916 info postuninstall bower@0.9.2
917 error error rolling back Error: EACCES, unlink '/usr/local/lib/node_modules/bower/.jshintrc'
917 error error rolling back  bower@1.2.3 { [Error: EACCES, unlink '/usr/local/lib/node_modules/bower/.jshintrc']
917 error error rolling back   errno: 3,
917 error error rolling back   code: 'EACCES',
917 error error rolling back   path: '/usr/local/lib/node_modules/bower/.jshintrc' }
918 error Error: EACCES, unlink '/usr/local/lib/node_modules/bower/.jshintrc'
918 error  { [Error: EACCES, unlink '/usr/local/lib/node_modules/bower/.jshintrc']
918 error   errno: 3,
918 error   code: 'EACCES',
918 error   path: '/usr/local/lib/node_modules/bower/.jshintrc' }
919 error Please try running this command again as root/Administrator.
920 error System Darwin 12.3.0
921 error command "node" "/usr/local/bin/npm" "update" "-g" "bower"
922 error cwd /Users/sib/Documents/code/brandymint2013
923 error node -v v0.8.19
924 error npm -v 1.1.71
925 error path /usr/local/lib/node_modules/bower/.jshintrc
926 error code EACCES
927 error errno 3
928 error stack Error: EACCES, unlink '/usr/local/lib/node_modules/bower/.jshintrc'
929 verbose exit [ 3, true ]
